  [4;36;1mSQL (1.1ms)[0m   [0;1mSET NAMES 'utf8'[0m
  [4;35;1mSQL (1.4ms)[0m   [0mSET SQL_AUTO_IS_NULL=0[0m
  [4;36;1mSQL (1.9ms)[0m   [0;1mSHOW TABLES[0m
  [4;35;1mSQL (21.9ms)[0m   [0mCREATE TABLE `schema_migrations` (`version` varchar(255) NOT NULL) ENGINE=InnoDB[0m
  [4;36;1mSQL (1.5ms)[0m   [0;1mSHOW KEYS FROM `schema_migrations`[0m
  [4;35;1mSQL (35.7ms)[0m   [0mCREATE UNIQUE INDEX `unique_schema_migrations` ON `schema_migrations` (`version`)[0m
  [4;36;1mSQL (1.8ms)[0m   [0;1mSHOW TABLES[0m
  [4;35;1mSQL (2.4ms)[0m   [0mSELECT version FROM schema_migrations[0m
Migrating to CreatePeople (20100711192028)
  [4;36;1mSQL (20.9ms)[0m   [0;1mCREATE TABLE `people` (`id` int(11) DEFAULT NULL auto_increment PRIMARY KEY, `name` varchar(255), `created_at` datetime, `updated_at` datetime) ENGINE=InnoDB[0m
  [4;35;1mSQL (9.1ms)[0m   [0mINSERT INTO schema_migrations (version) VALUES ('20100711192028')[0m
Migrating to CreateNotes (20100711192145)
  [4;36;1mSQL (23.2ms)[0m   [0;1mCREATE TABLE `notes` (`id` int(11) DEFAULT NULL auto_increment PRIMARY KEY, `person_id` int(11), `date` date, `yesterday` text, `today` text, `issues` text, `created_at` datetime, `updated_at` datetime) ENGINE=InnoDB[0m
  [4;35;1mSQL (8.1ms)[0m   [0mINSERT INTO schema_migrations (version) VALUES ('20100711192145')[0m
  [4;36;1mSQL (3.4ms)[0m   [0;1mSHOW TABLES[0m
  [4;35;1mSQL (7.9ms)[0m   [0mSELECT version FROM schema_migrations[0m
  [4;36;1mSQL (7.8ms)[0m   [0;1mSHOW TABLES[0m
  [4;35;1mSQL (4.4ms)[0m   [0mSHOW FIELDS FROM `notes`[0m
  [4;36;1mSQL (3.2ms)[0m   [0;1mdescribe `notes`[0m
  [4;35;1mSQL (1.7ms)[0m   [0mSHOW KEYS FROM `notes`[0m
  [4;36;1mSQL (2.8ms)[0m   [0;1mSHOW FIELDS FROM `people`[0m
  [4;35;1mSQL (6.0ms)[0m   [0mdescribe `people`[0m
  [4;36;1mSQL (1.2ms)[0m   [0;1mSHOW KEYS FROM `people`[0m
  [4;36;1mSQL (1.1ms)[0m   [0;1mSET NAMES 'utf8'[0m
  [4;35;1mSQL (0.7ms)[0m   [0mSET SQL_AUTO_IS_NULL=0[0m


Processing NotesController#index (for 127.0.0.1 at 2010-07-11 20:23:17) [GET]
  [4;36;1mNote Load (3.0ms)[0m   [0;1mSELECT * FROM `notes` [0m
Rendering template within layouts/application
Rendering notes/index
Completed in 309ms (View: 261, DB: 5) | 200 OK [http://localhost/notes]
  [4;35;1mSQL (1.1ms)[0m   [0mSET NAMES 'utf8'[0m
  [4;36;1mSQL (1.9ms)[0m   [0;1mSET SQL_AUTO_IS_NULL=0[0m


Processing ApplicationController#index (for 127.0.0.1 at 2010-07-11 20:23:26) [GET]

ActionController::RoutingError (No route matches "/persons" with {:method=>:get}):
  /usr/lib/ruby/1.8/webrick/httpserver.rb:104:in `service'
  /usr/lib/ruby/1.8/webrick/httpserver.rb:65:in `run'
  /usr/lib/ruby/1.8/webrick/server.rb:173:in `start_thread'
  /usr/lib/ruby/1.8/webrick/server.rb:162:in `start'
  /usr/lib/ruby/1.8/webrick/server.rb:162:in `start_thread'
  /usr/lib/ruby/1.8/webrick/server.rb:95:in `start'
  /usr/lib/ruby/1.8/webrick/server.rb:92:in `each'
  /usr/lib/ruby/1.8/webrick/server.rb:92:in `start'
  /usr/lib/ruby/1.8/webrick/server.rb:23:in `start'
  /usr/lib/ruby/1.8/webrick/server.rb:82:in `start'

Rendering rescues/layout (not_found)
  [4;35;1mSQL (0.9ms)[0m   [0mSET NAMES 'utf8'[0m
  [4;36;1mSQL (1.1ms)[0m   [0;1mSET SQL_AUTO_IS_NULL=0[0m


Processing ApplicationController#index (for 127.0.0.1 at 2010-07-11 20:23:30) [GET]

ActionController::RoutingError (No route matches "/person" with {:method=>:get}):
  /usr/lib/ruby/1.8/webrick/httpserver.rb:104:in `service'
  /usr/lib/ruby/1.8/webrick/httpserver.rb:65:in `run'
  /usr/lib/ruby/1.8/webrick/server.rb:173:in `start_thread'
  /usr/lib/ruby/1.8/webrick/server.rb:162:in `start'
  /usr/lib/ruby/1.8/webrick/server.rb:162:in `start_thread'
  /usr/lib/ruby/1.8/webrick/server.rb:95:in `start'
  /usr/lib/ruby/1.8/webrick/server.rb:92:in `each'
  /usr/lib/ruby/1.8/webrick/server.rb:92:in `start'
  /usr/lib/ruby/1.8/webrick/server.rb:23:in `start'
  /usr/lib/ruby/1.8/webrick/server.rb:82:in `start'

Rendering rescues/layout (not_found)
  [4;35;1mSQL (1.5ms)[0m   [0mSET NAMES 'utf8'[0m
  [4;36;1mSQL (3.1ms)[0m   [0;1mSET SQL_AUTO_IS_NULL=0[0m


Processing PeopleController#index (for 127.0.0.1 at 2010-07-11 20:23:37) [GET]
  [4;35;1mPerson Load (3.8ms)[0m   [0mSELECT * FROM `people` [0m
Rendering template within layouts/application
Rendering people/index
Completed in 101ms (View: 42, DB: 8) | 200 OK [http://localhost/people]
  [4;36;1mSQL (0.8ms)[0m   [0;1mSET NAMES 'utf8'[0m
  [4;35;1mSQL (1.2ms)[0m   [0mSET SQL_AUTO_IS_NULL=0[0m


Processing PeopleController#new (for 127.0.0.1 at 2010-07-11 20:25:09) [GET]
  [4;36;1mPerson Columns (4.3ms)[0m   [0;1mSHOW FIELDS FROM `people`[0m
Rendering template within layouts/application
Rendering people/new
Rendered people/_form (44.2ms)
Completed in 219ms (View: 107, DB: 6) | 200 OK [http://localhost/people/new]
  [4;35;1mSQL (2.6ms)[0m   [0mSET NAMES 'utf8'[0m
  [4;36;1mSQL (2.3ms)[0m   [0;1mSET SQL_AUTO_IS_NULL=0[0m


Processing PeopleController#create (for 127.0.0.1 at 2010-07-11 20:25:15) [POST]
  Parameters: {"person"=>{"name"=>"Tom Dickie"}, "commit"=>"Save changes", "authenticity_token"=>"t8u2pyVVB/5r73hgJcDpDLBYMjyKvV3YL00VH7q7be4="}
  [4;35;1mPerson Columns (7.0ms)[0m   [0mSHOW FIELDS FROM `people`[0m
  [4;36;1mSQL (2.1ms)[0m   [0;1mBEGIN[0m
  [4;35;1mPerson Create (3.8ms)[0m   [0mINSERT INTO `people` (`name`, `created_at`, `updated_at`) VALUES('Tom Dickie', '2010-07-11 19:25:15', '2010-07-11 19:25:15')[0m
  [4;36;1mSQL (22.2ms)[0m   [0;1mCOMMIT[0m
Redirected to http://localhost:3000/people/1
Completed in 144ms (DB: 40) | 302 Found [http://localhost/people]
  [4;35;1mSQL (1.4ms)[0m   [0mSET NAMES 'utf8'[0m
  [4;36;1mSQL (2.2ms)[0m   [0;1mSET SQL_AUTO_IS_NULL=0[0m


Processing PeopleController#show (for 127.0.0.1 at 2010-07-11 20:25:15) [GET]
  Parameters: {"id"=>"1"}
  [4;35;1mPerson Columns (5.9ms)[0m   [0mSHOW FIELDS FROM `people`[0m
  [4;36;1mPerson Load (2.7ms)[0m   [0;1mSELECT * FROM `people` WHERE (`people`.`id` = 1) [0m
Rendering template within layouts/application
Rendering people/show
Completed in 216ms (View: 94, DB: 12) | 200 OK [http://localhost/people/1]
  [4;35;1mSQL (1.6ms)[0m   [0mSET NAMES 'utf8'[0m
  [4;36;1mSQL (1.4ms)[0m   [0;1mSET SQL_AUTO_IS_NULL=0[0m


Processing NotesController#index (for 127.0.0.1 at 2010-07-11 20:25:27) [GET]
  [4;35;1mNote Load (5.3ms)[0m   [0mSELECT * FROM `notes` [0m
Rendering template within layouts/application
Rendering notes/index
Completed in 376ms (View: 26, DB: 8) | 200 OK [http://localhost/notes]
  [4;36;1mSQL (0.6ms)[0m   [0;1mSET NAMES 'utf8'[0m
  [4;35;1mSQL (1.6ms)[0m   [0mSET SQL_AUTO_IS_NULL=0[0m


Processing NotesController#new (for 127.0.0.1 at 2010-07-11 20:25:30) [GET]
  [4;36;1mNote Columns (2.7ms)[0m   [0;1mSHOW FIELDS FROM `notes`[0m
Rendering template within layouts/application
Rendering notes/new
Rendered notes/_form (123.9ms)
Completed in 324ms (View: 227, DB: 5) | 200 OK [http://localhost/notes/new]
  [4;35;1mSQL (0.7ms)[0m   [0mSET NAMES 'utf8'[0m
  [4;36;1mSQL (1.1ms)[0m   [0;1mSET SQL_AUTO_IS_NULL=0[0m


Processing NotesController#create (for 127.0.0.1 at 2010-07-11 20:26:00) [POST]
  Parameters: {"commit"=>"Save changes", "authenticity_token"=>"t8u2pyVVB/5r73hgJcDpDLBYMjyKvV3YL00VH7q7be4=", "note"=>{"today"=>"Some notes about today", "date(1i)"=>"2010", "yesterday"=>"Some notes about yesterday", "date(2i)"=>"7", "date(3i)"=>"11", "issues"=>"No issues", "person_id"=>"1"}}
  [4;35;1mNote Columns (2.8ms)[0m   [0mSHOW FIELDS FROM `notes`[0m
  [4;36;1mSQL (2.7ms)[0m   [0;1mBEGIN[0m
  [4;35;1mNote Create (4.8ms)[0m   [0mINSERT INTO `notes` (`today`, `created_at`, `yesterday`, `updated_at`, `date`, `issues`, `person_id`) VALUES('Some notes about today', '2010-07-11 19:26:00', 'Some notes about yesterday', '2010-07-11 19:26:00', '2010-07-11', 'No issues', 1)[0m
  [4;36;1mSQL (11.8ms)[0m   [0;1mCOMMIT[0m
Redirected to http://localhost:3000/notes/1
Completed in 99ms (DB: 24) | 302 Found [http://localhost/notes]
  [4;35;1mSQL (1.0ms)[0m   [0mSET NAMES 'utf8'[0m
  [4;36;1mSQL (0.8ms)[0m   [0;1mSET SQL_AUTO_IS_NULL=0[0m


Processing NotesController#show (for 127.0.0.1 at 2010-07-11 20:26:01) [GET]
  Parameters: {"id"=>"1"}
  [4;35;1mNote Columns (2.7ms)[0m   [0mSHOW FIELDS FROM `notes`[0m
  [4;36;1mNote Load (1.8ms)[0m   [0;1mSELECT * FROM `notes` WHERE (`notes`.`id` = 1) [0m
Rendering template within layouts/application
Rendering notes/show
Completed in 100ms (View: 52, DB: 6) | 200 OK [http://localhost/notes/1]
  [4;35;1mSQL (0.8ms)[0m   [0mSET NAMES 'utf8'[0m
  [4;36;1mSQL (1.1ms)[0m   [0;1mSET SQL_AUTO_IS_NULL=0[0m


Processing PeopleController#1 (for 127.0.0.1 at 2010-07-11 20:26:20) [GET]
  Parameters: {"id"=>"notes"}

ActionController::UnknownAction (No action responded to 1. Actions: create, destroy, edit, index, new, show, and update):
  /usr/lib/ruby/1.8/webrick/httpserver.rb:104:in `service'
  /usr/lib/ruby/1.8/webrick/httpserver.rb:65:in `run'
  /usr/lib/ruby/1.8/webrick/server.rb:173:in `start_thread'
  /usr/lib/ruby/1.8/webrick/server.rb:162:in `start'
  /usr/lib/ruby/1.8/webrick/server.rb:162:in `start_thread'
  /usr/lib/ruby/1.8/webrick/server.rb:95:in `start'
  /usr/lib/ruby/1.8/webrick/server.rb:92:in `each'
  /usr/lib/ruby/1.8/webrick/server.rb:92:in `start'
  /usr/lib/ruby/1.8/webrick/server.rb:23:in `start'
  /usr/lib/ruby/1.8/webrick/server.rb:82:in `start'

Rendering rescues/layout (not_found)
  [4;35;1mSQL (1.0ms)[0m   [0mSET NAMES 'utf8'[0m
  [4;36;1mSQL (3.9ms)[0m   [0;1mSET SQL_AUTO_IS_NULL=0[0m


Processing PeopleController#show (for 127.0.0.1 at 2010-07-11 20:26:29) [GET]
  Parameters: {"id"=>"1"}
  [4;35;1mPerson Columns (2.7ms)[0m   [0mSHOW FIELDS FROM `people`[0m
  [4;36;1mPerson Load (1.4ms)[0m   [0;1mSELECT * FROM `people` WHERE (`people`.`id` = 1) [0m
Rendering template within layouts/application
Rendering people/show
Completed in 102ms (View: 31, DB: 9) | 200 OK [http://localhost/people/1/]
  [4;35;1mSQL (1.6ms)[0m   [0mSET NAMES 'utf8'[0m
  [4;36;1mSQL (3.0ms)[0m   [0;1mSET SQL_AUTO_IS_NULL=0[0m


Processing NotesController#index (for 127.0.0.1 at 2010-07-11 20:28:23) [GET]
  Parameters: {"person_id"=>"1"}
  [4;35;1mNote Load (4.6ms)[0m   [0mSELECT * FROM `notes` [0m
Rendering template within layouts/application
Rendering notes/index
  [4;36;1mNote Columns (3.8ms)[0m   [0;1mSHOW FIELDS FROM `notes`[0m
Completed in 145ms (View: 42, DB: 13) | 200 OK [http://localhost/people/1/notes]
  [4;35;1mSQL (0.7ms)[0m   [0mSET NAMES 'utf8'[0m
  [4;36;1mSQL (1.0ms)[0m   [0;1mSET SQL_AUTO_IS_NULL=0[0m


Processing NotesController#new (for 127.0.0.1 at 2010-07-11 20:31:49) [GET]
  [4;35;1mNote Columns (6.0ms)[0m   [0mSHOW FIELDS FROM `notes`[0m
Rendering template within layouts/application
Rendering notes/new
Rendered notes/_form (79.1ms)
Completed in 145ms (View: 90, DB: 8) | 200 OK [http://localhost/notes/new]
  [4;36;1mSQL (0.9ms)[0m   [0;1mSET NAMES 'utf8'[0m
  [4;35;1mSQL (1.0ms)[0m   [0mSET SQL_AUTO_IS_NULL=0[0m


Processing NotesController#create (for 127.0.0.1 at 2010-07-11 20:32:36) [POST]
  Parameters: {"commit"=>"Save changes", "authenticity_token"=>"t8u2pyVVB/5r73hgJcDpDLBYMjyKvV3YL00VH7q7be4=", "note"=>{"today"=>"Today note", "date(1i)"=>"2010", "yesterday"=>"Yesterday note", "date(2i)"=>"7", "date(3i)"=>"10", "issues"=>"Some issues", "person_id"=>"1"}}
  [4;36;1mNote Columns (6.0ms)[0m   [0;1mSHOW FIELDS FROM `notes`[0m
  [4;35;1mSQL (1.2ms)[0m   [0mBEGIN[0m
  [4;36;1mNote Create (1.9ms)[0m   [0;1mINSERT INTO `notes` (`today`, `created_at`, `yesterday`, `updated_at`, `date`, `issues`, `person_id`) VALUES('Today note', '2010-07-11 19:32:36', 'Yesterday note', '2010-07-11 19:32:36', '2010-07-10', 'Some issues', 1)[0m
  [4;35;1mSQL (13.2ms)[0m   [0mCOMMIT[0m
Redirected to http://localhost:3000/notes/2
Completed in 99ms (DB: 24) | 302 Found [http://localhost/notes]
  [4;36;1mSQL (0.8ms)[0m   [0;1mSET NAMES 'utf8'[0m
  [4;35;1mSQL (0.7ms)[0m   [0mSET SQL_AUTO_IS_NULL=0[0m


Processing NotesController#show (for 127.0.0.1 at 2010-07-11 20:32:36) [GET]
  Parameters: {"id"=>"2"}
  [4;36;1mNote Columns (4.1ms)[0m   [0;1mSHOW FIELDS FROM `notes`[0m
  [4;35;1mNote Load (1.9ms)[0m   [0mSELECT * FROM `notes` WHERE (`notes`.`id` = 2) [0m
Rendering template within layouts/application
Rendering notes/show
Completed in 87ms (View: 36, DB: 7) | 200 OK [http://localhost/notes/2]
  [4;36;1mSQL (0.8ms)[0m   [0;1mSET NAMES 'utf8'[0m
  [4;35;1mSQL (1.4ms)[0m   [0mSET SQL_AUTO_IS_NULL=0[0m


Processing NotesController#index (for 127.0.0.1 at 2010-07-11 20:32:47) [GET]
  Parameters: {"person_id"=>"1"}
  [4;36;1mNote Load (2.4ms)[0m   [0;1mSELECT * FROM `notes` [0m
Rendering template within layouts/application
Rendering notes/index
  [4;35;1mNote Columns (3.0ms)[0m   [0mSHOW FIELDS FROM `notes`[0m
Completed in 114ms (View: 59, DB: 8) | 200 OK [http://localhost/people/1/notes]
  [4;36;1mSQL (1.1ms)[0m   [0;1mSET NAMES 'utf8'[0m
  [4;35;1mSQL (1.0ms)[0m   [0mSET SQL_AUTO_IS_NULL=0[0m


Processing PeopleController#index (for 127.0.0.1 at 2010-07-11 20:32:57) [GET]
  [4;36;1mPerson Load (7.9ms)[0m   [0;1mSELECT * FROM `people` [0m
Rendering template within layouts/application
Rendering people/index
  [4;35;1mPerson Columns (4.2ms)[0m   [0mSHOW FIELDS FROM `people`[0m
Completed in 105ms (View: 30, DB: 14) | 200 OK [http://localhost/people]
  [4;36;1mSQL (0.7ms)[0m   [0;1mSET NAMES 'utf8'[0m
  [4;35;1mSQL (1.2ms)[0m   [0mSET SQL_AUTO_IS_NULL=0[0m


Processing PeopleController#new (for 127.0.0.1 at 2010-07-11 20:32:59) [GET]
  [4;36;1mPerson Columns (9.7ms)[0m   [0;1mSHOW FIELDS FROM `people`[0m
Rendering template within layouts/application
Rendering people/new
Rendered people/_form (35.9ms)
Completed in 109ms (View: 47, DB: 12) | 200 OK [http://localhost/people/new]
  [4;35;1mSQL (0.7ms)[0m   [0mSET NAMES 'utf8'[0m
  [4;36;1mSQL (1.0ms)[0m   [0;1mSET SQL_AUTO_IS_NULL=0[0m


Processing PeopleController#create (for 127.0.0.1 at 2010-07-11 20:33:07) [POST]
  Parameters: {"person"=>{"name"=>"Daniel Peplow"}, "commit"=>"Save changes", "authenticity_token"=>"t8u2pyVVB/5r73hgJcDpDLBYMjyKvV3YL00VH7q7be4="}
  [4;35;1mPerson Columns (3.4ms)[0m   [0mSHOW FIELDS FROM `people`[0m
  [4;36;1mSQL (3.3ms)[0m   [0;1mBEGIN[0m
  [4;35;1mPerson Create (2.5ms)[0m   [0mINSERT INTO `people` (`name`, `created_at`, `updated_at`) VALUES('Daniel Peplow', '2010-07-11 19:33:07', '2010-07-11 19:33:07')[0m
  [4;36;1mSQL (12.0ms)[0m   [0;1mCOMMIT[0m
Redirected to http://localhost:3000/people/2
Completed in 92ms (DB: 23) | 302 Found [http://localhost/people]
  [4;35;1mSQL (0.7ms)[0m   [0mSET NAMES 'utf8'[0m
  [4;36;1mSQL (1.5ms)[0m   [0;1mSET SQL_AUTO_IS_NULL=0[0m


Processing PeopleController#show (for 127.0.0.1 at 2010-07-11 20:33:07) [GET]
  Parameters: {"id"=>"2"}
  [4;35;1mPerson Columns (4.1ms)[0m   [0mSHOW FIELDS FROM `people`[0m
  [4;36;1mPerson Load (5.9ms)[0m   [0;1mSELECT * FROM `people` WHERE (`people`.`id` = 2) [0m
Rendering template within layouts/application
Rendering people/show
Completed in 167ms (View: 90, DB: 12) | 200 OK [http://localhost/people/2]
  [4;35;1mSQL (1.2ms)[0m   [0mSET NAMES 'utf8'[0m
  [4;36;1mSQL (1.9ms)[0m   [0;1mSET SQL_AUTO_IS_NULL=0[0m


Processing NotesController#index (for 127.0.0.1 at 2010-07-11 20:33:19) [GET]
  Parameters: {"person_id"=>"2"}
  [4;35;1mNote Load (5.8ms)[0m   [0mSELECT * FROM `notes` [0m
Rendering template within layouts/application
Rendering notes/index
  [4;36;1mNote Columns (3.3ms)[0m   [0;1mSHOW FIELDS FROM `notes`[0m
Completed in 114ms (View: 62, DB: 12) | 200 OK [http://localhost/people/2/notes]
  [4;36;1mSQL (5.0ms)[0m   [0;1mSET NAMES 'utf8'[0m
  [4;35;1mSQL (1.4ms)[0m   [0mSET SQL_AUTO_IS_NULL=0[0m


Processing PeopleController#index (for 127.0.0.1 at 2010-07-11 20:45:56) [GET]
  [4;36;1mPerson Load (7.0ms)[0m   [0;1mSELECT * FROM `people` [0m
Rendering template within layouts/application
Rendering people/index
  [4;35;1mPerson Columns (3.5ms)[0m   [0mSHOW FIELDS FROM `people`[0m
Completed in 211ms (View: 116, DB: 17) | 200 OK [http://localhost/people]
  [4;36;1mSQL (0.9ms)[0m   [0;1mSET NAMES 'utf8'[0m
  [4;35;1mSQL (3.0ms)[0m   [0mSET SQL_AUTO_IS_NULL=0[0m


Processing PeopleController#show (for 127.0.0.1 at 2010-07-11 20:46:01) [GET]
  Parameters: {"id"=>"1"}
  [4;36;1mPerson Columns (2.7ms)[0m   [0;1mSHOW FIELDS FROM `people`[0m
  [4;35;1mPerson Load (2.2ms)[0m   [0mSELECT * FROM `people` WHERE (`people`.`id` = 1) [0m
Rendering template within layouts/application
Rendering people/show
  [4;36;1mNote Load (3.2ms)[0m   [0;1mSELECT * FROM `notes` WHERE (`notes`.person_id = 1) [0m
  [4;35;1mNote Columns (2.7ms)[0m   [0mSHOW FIELDS FROM `notes`[0m
Completed in 176ms (View: 106, DB: 15) | 200 OK [http://localhost/people/1]
  [4;36;1mSQL (1.6ms)[0m   [0;1mSET NAMES 'utf8'[0m
  [4;35;1mSQL (1.1ms)[0m   [0mSET SQL_AUTO_IS_NULL=0[0m


Processing PeopleController#show (for 127.0.0.1 at 2010-07-11 20:47:30) [GET]
  Parameters: {"id"=>"1"}
  [4;36;1mPerson Columns (5.3ms)[0m   [0;1mSHOW FIELDS FROM `people`[0m
  [4;35;1mPerson Load (2.5ms)[0m   [0mSELECT * FROM `people` WHERE (`people`.`id` = 1) [0m
Rendering template within layouts/application
Rendering people/show
  [4;36;1mNote Load (2.0ms)[0m   [0;1mSELECT * FROM `notes` WHERE (`notes`.person_id = 1) [0m
  [4;35;1mNote Columns (11.2ms)[0m   [0mSHOW FIELDS FROM `notes`[0m
Completed in 320ms (View: 197, DB: 24) | 200 OK [http://localhost/people/1]
  [4;36;1mSQL (0.9ms)[0m   [0;1mSET NAMES 'utf8'[0m
  [4;35;1mSQL (0.6ms)[0m   [0mSET SQL_AUTO_IS_NULL=0[0m


Processing PeopleController#show (for 127.0.0.1 at 2010-07-11 20:47:51) [GET]
  Parameters: {"id"=>"1"}
  [4;36;1mPerson Columns (14.1ms)[0m   [0;1mSHOW FIELDS FROM `people`[0m
  [4;35;1mPerson Load (17.3ms)[0m   [0mSELECT * FROM `people` WHERE (`people`.`id` = 1) [0m
Rendering template within layouts/application
Rendering people/show
  [4;36;1mNote Load (7.5ms)[0m   [0;1mSELECT * FROM `notes` WHERE (`notes`.person_id = 1) [0m
  [4;35;1mNote Columns (3.6ms)[0m   [0mSHOW FIELDS FROM `notes`[0m
Completed in 207ms (View: 102, DB: 44) | 200 OK [http://localhost/people/1]
  [4;36;1mSQL (0.9ms)[0m   [0;1mSET NAMES 'utf8'[0m
  [4;35;1mSQL (8.5ms)[0m   [0mSET SQL_AUTO_IS_NULL=0[0m


Processing PeopleController#show (for 127.0.0.1 at 2010-07-11 20:48:53) [GET]
  Parameters: {"id"=>"1"}
  [4;36;1mPerson Columns (2.6ms)[0m   [0;1mSHOW FIELDS FROM `people`[0m
  [4;35;1mPerson Load (1.5ms)[0m   [0mSELECT * FROM `people` WHERE (`people`.`id` = 1) [0m
Rendering template within layouts/application
Rendering people/show
  [4;36;1mNote Load (8.9ms)[0m   [0;1mSELECT * FROM `notes` WHERE (`notes`.person_id = 1) [0m
  [4;35;1mNote Columns (10.0ms)[0m   [0mSHOW FIELDS FROM `notes`[0m
Completed in 308ms (View: 229, DB: 32) | 200 OK [http://localhost/people/1]
  [4;36;1mSQL (1.0ms)[0m   [0;1mSET NAMES 'utf8'[0m
  [4;35;1mSQL (6.0ms)[0m   [0mSET SQL_AUTO_IS_NULL=0[0m


Processing PeopleController#show (for 127.0.0.1 at 2010-07-11 20:49:27) [GET]
  Parameters: {"id"=>"1"}
  [4;36;1mPerson Columns (3.8ms)[0m   [0;1mSHOW FIELDS FROM `people`[0m
  [4;35;1mPerson Load (1.7ms)[0m   [0mSELECT * FROM `people` WHERE (`people`.`id` = 1) [0m
Rendering template within layouts/application
Rendering people/show
  [4;36;1mNote Load (1.6ms)[0m   [0;1mSELECT * FROM `notes` WHERE (`notes`.person_id = 1) [0m
  [4;35;1mNote Columns (2.5ms)[0m   [0mSHOW FIELDS FROM `notes`[0m
Completed in 157ms (View: 86, DB: 17) | 200 OK [http://localhost/people/1]
  [4;36;1mSQL (1.0ms)[0m   [0;1mSET NAMES 'utf8'[0m
  [4;35;1mSQL (1.4ms)[0m   [0mSET SQL_AUTO_IS_NULL=0[0m


Processing NotesController#index (for 127.0.0.1 at 2010-07-11 20:49:47) [GET]
  Parameters: {"person_id"=>"1"}
  [4;36;1mNote Load (1.5ms)[0m   [0;1mSELECT * FROM `notes` [0m
Rendering template within layouts/application
Rendering notes/index
  [4;35;1mNote Columns (7.1ms)[0m   [0mSHOW FIELDS FROM `notes`[0m
Completed in 165ms (View: 82, DB: 11) | 200 OK [http://localhost/people/1/notes]
  [4;36;1mSQL (2.4ms)[0m   [0;1mSET NAMES 'utf8'[0m
  [4;35;1mSQL (7.2ms)[0m   [0mSET SQL_AUTO_IS_NULL=0[0m


Processing NotesController#index (for 127.0.0.1 at 2010-07-11 20:49:54) [GET]
  Parameters: {"person_id"=>"2"}
  [4;36;1mNote Load (1.6ms)[0m   [0;1mSELECT * FROM `notes` [0m
Rendering template within layouts/application
Rendering notes/index
  [4;35;1mNote Columns (3.3ms)[0m   [0mSHOW FIELDS FROM `notes`[0m
Completed in 117ms (View: 56, DB: 15) | 200 OK [http://localhost/people/2/notes]
  [4;36;1mSQL (0.7ms)[0m   [0;1mSET NAMES 'utf8'[0m
  [4;35;1mSQL (1.8ms)[0m   [0mSET SQL_AUTO_IS_NULL=0[0m


Processing PeopleController#show (for 127.0.0.1 at 2010-07-11 20:50:13) [GET]
  Parameters: {"id"=>"2"}
  [4;36;1mPerson Columns (9.1ms)[0m   [0;1mSHOW FIELDS FROM `people`[0m
  [4;35;1mPerson Load (3.0ms)[0m   [0mSELECT * FROM `people` WHERE (`people`.`id` = 2) [0m
Rendering template within layouts/application
Rendering people/show
  [4;36;1mNote Load (2.4ms)[0m   [0;1mSELECT * FROM `notes` WHERE (`notes`.person_id = 2) [0m
Completed in 174ms (View: 59, DB: 17) | 200 OK [http://localhost/people/2]
  [4;35;1mSQL (1.2ms)[0m   [0mSET NAMES 'utf8'[0m
  [4;36;1mSQL (1.5ms)[0m   [0;1mSET SQL_AUTO_IS_NULL=0[0m


Processing NotesController#index (for 127.0.0.1 at 2010-07-11 20:50:28) [GET]
  [4;35;1mNote Load (2.3ms)[0m   [0mSELECT * FROM `notes` [0m
Rendering template within layouts/application
Rendering notes/index
  [4;36;1mNote Columns (2.9ms)[0m   [0;1mSHOW FIELDS FROM `notes`[0m
Completed in 180ms (View: 68, DB: 8) | 200 OK [http://localhost/notes]
  [4;35;1mSQL (2.8ms)[0m   [0mSET NAMES 'utf8'[0m
  [4;36;1mSQL (9.7ms)[0m   [0;1mSET SQL_AUTO_IS_NULL=0[0m


Processing NotesController#new (for 127.0.0.1 at 2010-07-11 20:50:31) [GET]
  [4;35;1mNote Columns (11.7ms)[0m   [0mSHOW FIELDS FROM `notes`[0m
Rendering template within layouts/application
Rendering notes/new
Rendered notes/_form (101.5ms)
Completed in 359ms (View: 267, DB: 24) | 200 OK [http://localhost/notes/new]
  [4;36;1mSQL (1.3ms)[0m   [0;1mSET NAMES 'utf8'[0m
  [4;35;1mSQL (1.1ms)[0m   [0mSET SQL_AUTO_IS_NULL=0[0m


Processing NotesController#create (for 127.0.0.1 at 2010-07-11 20:50:53) [POST]
  Parameters: {"commit"=>"Save changes", "authenticity_token"=>"t8u2pyVVB/5r73hgJcDpDLBYMjyKvV3YL00VH7q7be4=", "note"=>{"today"=>"Another note for this space", "date(1i)"=>"2010", "yesterday"=>"A note for this space", "date(2i)"=>"7", "date(3i)"=>"11", "issues"=>"Client services", "person_id"=>"2"}}
  [4;36;1mNote Columns (8.0ms)[0m   [0;1mSHOW FIELDS FROM `notes`[0m
  [4;35;1mSQL (1.3ms)[0m   [0mBEGIN[0m
  [4;36;1mNote Create (5.0ms)[0m   [0;1mINSERT INTO `notes` (`today`, `created_at`, `yesterday`, `updated_at`, `date`, `issues`, `person_id`) VALUES('Another note for this space', '2010-07-11 19:50:53', 'A note for this space', '2010-07-11 19:50:53', '2010-07-11', 'Client services', 2)[0m
  [4;35;1mSQL (33.5ms)[0m   [0mCOMMIT[0m
Redirected to http://localhost:3000/notes/3
Completed in 129ms (DB: 50) | 302 Found [http://localhost/notes]
  [4;36;1mSQL (2.5ms)[0m   [0;1mSET NAMES 'utf8'[0m
  [4;35;1mSQL (1.3ms)[0m   [0mSET SQL_AUTO_IS_NULL=0[0m


Processing NotesController#show (for 127.0.0.1 at 2010-07-11 20:50:53) [GET]
  Parameters: {"id"=>"3"}
  [4;36;1mNote Columns (2.5ms)[0m   [0;1mSHOW FIELDS FROM `notes`[0m
  [4;35;1mNote Load (2.5ms)[0m   [0mSELECT * FROM `notes` WHERE (`notes`.`id` = 3) [0m
Rendering template within layouts/application
Rendering notes/show
Completed in 105ms (View: 56, DB: 9) | 200 OK [http://localhost/notes/3]
  [4;36;1mSQL (0.6ms)[0m   [0;1mSET NAMES 'utf8'[0m
  [4;35;1mSQL (0.6ms)[0m   [0mSET SQL_AUTO_IS_NULL=0[0m


Processing PeopleController#show (for 127.0.0.1 at 2010-07-11 20:51:04) [GET]
  Parameters: {"id"=>"1"}
  [4;36;1mPerson Columns (2.2ms)[0m   [0;1mSHOW FIELDS FROM `people`[0m
  [4;35;1mPerson Load (1.2ms)[0m   [0mSELECT * FROM `people` WHERE (`people`.`id` = 1) [0m
Rendering template within layouts/application
Rendering people/show
  [4;36;1mNote Load (3.2ms)[0m   [0;1mSELECT * FROM `notes` WHERE (`notes`.person_id = 1) [0m
  [4;35;1mNote Columns (8.5ms)[0m   [0mSHOW FIELDS FROM `notes`[0m
Completed in 161ms (View: 64, DB: 16) | 200 OK [http://localhost/people/1]
  [4;36;1mSQL (1.3ms)[0m   [0;1mSET NAMES 'utf8'[0m
  [4;35;1mSQL (1.0ms)[0m   [0mSET SQL_AUTO_IS_NULL=0[0m


Processing PeopleController#show (for 127.0.0.1 at 2010-07-11 20:51:08) [GET]
  Parameters: {"id"=>"2"}
  [4;36;1mPerson Columns (3.0ms)[0m   [0;1mSHOW FIELDS FROM `people`[0m
  [4;35;1mPerson Load (1.4ms)[0m   [0mSELECT * FROM `people` WHERE (`people`.`id` = 2) [0m
Rendering template within layouts/application
Rendering people/show
  [4;36;1mNote Load (3.0ms)[0m   [0;1mSELECT * FROM `notes` WHERE (`notes`.person_id = 2) [0m
  [4;35;1mNote Columns (3.0ms)[0m   [0mSHOW FIELDS FROM `notes`[0m
Completed in 154ms (View: 71, DB: 13) | 200 OK [http://localhost/people/2]
  [4;36;1mSQL (0.6ms)[0m   [0;1mSET NAMES 'utf8'[0m
  [4;35;1mSQL (1.0ms)[0m   [0mSET SQL_AUTO_IS_NULL=0[0m


Processing NotesController#index (for 127.0.0.1 at 2010-07-11 20:51:32) [GET]
  [4;36;1mNote Load (5.5ms)[0m   [0;1mSELECT * FROM `notes` [0m
Rendering template within layouts/application
Rendering notes/index
  [4;35;1mNote Columns (2.7ms)[0m   [0mSHOW FIELDS FROM `notes`[0m
Completed in 142ms (View: 76, DB: 10) | 200 OK [http://localhost/notes]
  [4;36;1mSQL (1.5ms)[0m   [0;1mSET NAMES 'utf8'[0m
  [4;35;1mSQL (0.7ms)[0m   [0mSET SQL_AUTO_IS_NULL=0[0m


Processing NotesController#index (for 127.0.0.1 at 2010-07-11 20:51:39) [GET]
  Parameters: {"person_id"=>"1"}
  [4;36;1mNote Load (2.3ms)[0m   [0;1mSELECT * FROM `notes` [0m
Rendering template within layouts/application
Rendering notes/index
  [4;35;1mNote Columns (5.1ms)[0m   [0mSHOW FIELDS FROM `notes`[0m
Completed in 275ms (View: 202, DB: 10) | 200 OK [http://localhost/people/1/notes]
  [4;36;1mSQL (0.8ms)[0m   [0;1mSET NAMES 'utf8'[0m
  [4;35;1mSQL (1.1ms)[0m   [0mSET SQL_AUTO_IS_NULL=0[0m


Processing NotesController#index (for 127.0.0.1 at 2010-07-11 20:51:41) [GET]
  Parameters: {"person_id"=>"1"}
  [4;36;1mNote Load (5.0ms)[0m   [0;1mSELECT * FROM `notes` [0m
Rendering template within layouts/application
Rendering notes/index
  [4;35;1mNote Columns (4.2ms)[0m   [0mSHOW FIELDS FROM `notes`[0m
Completed in 135ms (View: 79, DB: 11) | 200 OK [http://localhost/people/1/notes]
  [4;36;1mSQL (1.2ms)[0m   [0;1mSET NAMES 'utf8'[0m
  [4;35;1mSQL (1.4ms)[0m   [0mSET SQL_AUTO_IS_NULL=0[0m
  [4;36;1mPerson Columns (5.0ms)[0m   [0;1mSHOW FIELDS FROM `people`[0m
  [4;35;1mPerson Load (1.6ms)[0m   [0mSELECT * FROM `people` WHERE (`people`.`id` = 1) [0m
  [4;36;1mNote Load (8.6ms)[0m   [0;1mSELECT * FROM `notes` WHERE (`notes`.person_id = 1) [0m
  [4;35;1mNote Columns (4.9ms)[0m   [0mSHOW FIELDS FROM `notes`[0m
  [4;36;1mNote Load (4.0ms)[0m   [0;1mSELECT * FROM `notes` WHERE (`notes`.`id` = 1993 AND (`notes`.person_id = 1)) [0m
  [4;36;1mSQL (1.0ms)[0m   [0;1mSET NAMES 'utf8'[0m
  [4;35;1mSQL (0.9ms)[0m   [0mSET SQL_AUTO_IS_NULL=0[0m


Processing PeopleController#index (for 127.0.0.1 at 2010-07-11 21:12:39) [GET]
  [4;36;1mPerson Load (1.6ms)[0m   [0;1mSELECT * FROM `people` [0m
Rendering template within layouts/application
Rendering people/index
  [4;35;1mPerson Columns (7.4ms)[0m   [0mSHOW FIELDS FROM `people`[0m
Completed in 206ms (View: 118, DB: 11) | 200 OK [http://localhost/people/]
  [4;36;1mSQL (1.5ms)[0m   [0;1mSET NAMES 'utf8'[0m
  [4;35;1mSQL (3.4ms)[0m   [0mSET SQL_AUTO_IS_NULL=0[0m


Processing PeopleController#show (for 127.0.0.1 at 2010-07-11 21:12:42) [GET]
  Parameters: {"id"=>"1"}
  [4;36;1mPerson Columns (9.8ms)[0m   [0;1mSHOW FIELDS FROM `people`[0m
  [4;35;1mPerson Load (2.0ms)[0m   [0mSELECT * FROM `people` WHERE (`people`.`id` = 1) [0m
Rendering template within layouts/application
Rendering people/show
  [4;36;1mNote Load (19.4ms)[0m   [0;1mSELECT * FROM `notes` WHERE (`notes`.person_id = 1 AND (`notes`.`date` = 1993)) [0m
Completed in 195ms (View: 117, DB: 36) | 200 OK [http://localhost/people/1]
  [4;35;1mSQL (1.2ms)[0m   [0mSET NAMES 'utf8'[0m
  [4;36;1mSQL (2.6ms)[0m   [0;1mSET SQL_AUTO_IS_NULL=0[0m


Processing NotesController#index (for 127.0.0.1 at 2010-07-11 21:12:59) [GET]
  Parameters: {"person_id"=>"1"}
  [4;35;1mNote Load (1.6ms)[0m   [0mSELECT * FROM `notes` [0m
Rendering template within layouts/application
Rendering notes/index
  [4;36;1mNote Columns (5.4ms)[0m   [0;1mSHOW FIELDS FROM `notes`[0m
Completed in 179ms (View: 115, DB: 11) | 200 OK [http://localhost/people/1/notes]
  [4;35;1mSQL (0.7ms)[0m   [0mSET NAMES 'utf8'[0m
  [4;36;1mSQL (1.1ms)[0m   [0;1mSET SQL_AUTO_IS_NULL=0[0m


Processing NotesController#new (for 127.0.0.1 at 2010-07-11 21:13:09) [GET]
  [4;35;1mNote Columns (12.4ms)[0m   [0mSHOW FIELDS FROM `notes`[0m
Rendering template within layouts/application
Rendering notes/new
Rendered notes/_form (182.1ms)
Completed in 460ms (View: 319, DB: 14) | 200 OK [http://localhost/notes/new]
  [4;36;1mSQL (0.7ms)[0m   [0;1mSET NAMES 'utf8'[0m
  [4;35;1mSQL (1.2ms)[0m   [0mSET SQL_AUTO_IS_NULL=0[0m


Processing NotesController#create (for 127.0.0.1 at 2010-07-11 21:13:27) [POST]
  Parameters: {"commit"=>"Save changes", "authenticity_token"=>"t8u2pyVVB/5r73hgJcDpDLBYMjyKvV3YL00VH7q7be4=", "note"=>{"today"=>"312123123", "date(1i)"=>"2010", "yesterday"=>"121312", "date(2i)"=>"7", "date(3i)"=>"10", "issues"=>"123123", "person_id"=>"1"}}
  [4;36;1mNote Columns (2.8ms)[0m   [0;1mSHOW FIELDS FROM `notes`[0m
  [4;35;1mSQL (1.4ms)[0m   [0mBEGIN[0m
  [4;36;1mNote Create (2.4ms)[0m   [0;1mINSERT INTO `notes` (`today`, `created_at`, `yesterday`, `updated_at`, `date`, `issues`, `person_id`) VALUES('312123123', '2010-07-11 20:13:27', '121312', '2010-07-11 20:13:27', '2010-07-10', '123123', 1)[0m
  [4;35;1mSQL (16.7ms)[0m   [0mCOMMIT[0m
Redirected to http://localhost:3000/notes/4
Completed in 109ms (DB: 25) | 302 Found [http://localhost/notes]
  [4;36;1mSQL (0.8ms)[0m   [0;1mSET NAMES 'utf8'[0m
  [4;35;1mSQL (0.7ms)[0m   [0mSET SQL_AUTO_IS_NULL=0[0m


Processing NotesController#show (for 127.0.0.1 at 2010-07-11 21:13:27) [GET]
  Parameters: {"id"=>"4"}
  [4;36;1mNote Columns (3.1ms)[0m   [0;1mSHOW FIELDS FROM `notes`[0m
  [4;35;1mNote Load (2.8ms)[0m   [0mSELECT * FROM `notes` WHERE (`notes`.`id` = 4) [0m
Rendering template within layouts/application
Rendering notes/show
Completed in 111ms (View: 58, DB: 7) | 200 OK [http://localhost/notes/4]
  [4;36;1mSQL (1.5ms)[0m   [0;1mSET NAMES 'utf8'[0m
  [4;35;1mSQL (4.6ms)[0m   [0mSET SQL_AUTO_IS_NULL=0[0m


Processing PeopleController#show (for 127.0.0.1 at 2010-07-11 21:13:38) [GET]
  Parameters: {"id"=>"1"}
  [4;36;1mPerson Columns (9.4ms)[0m   [0;1mSHOW FIELDS FROM `people`[0m
  [4;35;1mPerson Load (1.5ms)[0m   [0mSELECT * FROM `people` WHERE (`people`.`id` = 1) [0m
Rendering template within layouts/application
Rendering people/show
  [4;36;1mNote Load (6.7ms)[0m   [0;1mSELECT * FROM `notes` WHERE (`notes`.person_id = 1 AND (`notes`.`date` = 1993)) [0m
Completed in 168ms (View: 77, DB: 24) | 200 OK [http://localhost/people/1/]
  [4;35;1mSQL (1.3ms)[0m   [0mSET NAMES 'utf8'[0m
  [4;36;1mSQL (1.2ms)[0m   [0;1mSET SQL_AUTO_IS_NULL=0[0m


Processing PeopleController#show (for 127.0.0.1 at 2010-07-11 21:14:11) [GET]
  Parameters: {"id"=>"1"}
  [4;35;1mPerson Columns (3.1ms)[0m   [0mSHOW FIELDS FROM `people`[0m
  [4;36;1mPerson Load (2.1ms)[0m   [0;1mSELECT * FROM `people` WHERE (`people`.`id` = 1) [0m
Rendering template within layouts/application
Rendering people/show
  [4;35;1mNote Load (11.1ms)[0m   [0mSELECT * FROM `notes` WHERE (`notes`.person_id = 1 AND (`notes`.`date` = '2010-07-10')) [0m
Completed in 138ms (View: 70, DB: 19) | 200 OK [http://localhost/people/1/]
  [4;36;1mSQL (1.1ms)[0m   [0;1mSET NAMES 'utf8'[0m
  [4;35;1mSQL (1.0ms)[0m   [0mSET SQL_AUTO_IS_NULL=0[0m


Processing PeopleController#show (for 127.0.0.1 at 2010-07-11 21:14:55) [GET]
  Parameters: {"id"=>"1"}
  [4;36;1mPerson Columns (6.3ms)[0m   [0;1mSHOW FIELDS FROM `people`[0m
  [4;35;1mPerson Load (1.2ms)[0m   [0mSELECT * FROM `people` WHERE (`people`.`id` = 1) [0m
Rendering template within layouts/application
Rendering people/show
  [4;36;1mNote Load (5.9ms)[0m   [0;1mSELECT * FROM `notes` WHERE (`notes`.person_id = 1 AND (`notes`.`date` = '2010-07-10')) [0m
Completed in 138ms (View: 73, DB: 16) | 200 OK [http://localhost/people/1/]
  [4;35;1mSQL (1.0ms)[0m   [0mSET NAMES 'utf8'[0m
  [4;36;1mSQL (1.0ms)[0m   [0;1mSET SQL_AUTO_IS_NULL=0[0m


Processing PeopleController#show (for 127.0.0.1 at 2010-07-11 21:15:05) [GET]
  Parameters: {"id"=>"2"}
  [4;35;1mPerson Columns (3.6ms)[0m   [0mSHOW FIELDS FROM `people`[0m
  [4;36;1mPerson Load (1.5ms)[0m   [0;1mSELECT * FROM `people` WHERE (`people`.`id` = 2) [0m
Rendering template within layouts/application
Rendering people/show
  [4;35;1mNote Load (7.4ms)[0m   [0mSELECT * FROM `notes` WHERE (`notes`.person_id = 2 AND (`notes`.`date` = '2010-07-10')) [0m
Completed in 123ms (View: 51, DB: 15) | 200 OK [http://localhost/people/2]
  [4;36;1mSQL (1.2ms)[0m   [0;1mSET NAMES 'utf8'[0m
  [4;35;1mSQL (1.2ms)[0m   [0mSET SQL_AUTO_IS_NULL=0[0m


Processing PeopleController#show (for 127.0.0.1 at 2010-07-11 21:19:31) [GET]
  Parameters: {"id"=>"2"}
  [4;36;1mPerson Columns (9.9ms)[0m   [0;1mSHOW FIELDS FROM `people`[0m
  [4;35;1mPerson Load (2.8ms)[0m   [0mSELECT * FROM `people` WHERE (`people`.`id` = 2) [0m
Rendering template within layouts/application
Rendering people/show
ERROR: compiling _run_erb_app47views47people47show46html46erb RAISED compile error
/home/tom/Sites/notes/app/views/people/show.html.erb:7: syntax error, unexpected '('
...conditions => {:date => Date.("2010-07-10")}) do |note| ; @o...
                              ^
/home/tom/Sites/notes/app/views/people/show.html.erb:7: syntax error, unexpected ')', expecting kEND
... {:date => Date.("2010-07-10")}) do |note| ; @output_buffer....
                              ^
/home/tom/Sites/notes/app/views/people/show.html.erb:29: syntax error, unexpected kENSURE, expecting $end
Function body:           def _run_erb_app47views47people47show46html46erb(local_assigns)
            old_output_buffer = output_buffer;;@output_buffer = '';  __in_erb_template=true ; @output_buffer.concat "<p>\n  <h1>"
; @output_buffer.concat((h @person.name ).to_s); @output_buffer.concat "</h1>\n</p>\n\n<h2>Scrum Notes</h2>\n\n"




;  @person.notes.find(:all, :conditions => {:date => Date.("2010-07-10")}) do |note| ; @output_buffer.concat "\n  <p>\n    <h3>"

; @output_buffer.concat((h note.date ).to_s); @output_buffer.concat "</h3>\n  </p>\n\n  <p><b>Yesterday: </b><br />\n    "



; @output_buffer.concat((h note.yesterday ).to_s); @output_buffer.concat "\n  </p>\n  <p><b>Today: </b><br />\n    "


; @output_buffer.concat((h note.today ).to_s); @output_buffer.concat "\n  </p>\n  <p><b>Issues: </b><br />\n    "


; @output_buffer.concat((h note.issues ).to_s); @output_buffer.concat "\n  </p>\n"

;  end ; @output_buffer.concat "\n\n<p>\n  "


; @output_buffer.concat(( link_to "Edit", edit_person_path(@person) ).to_s); @output_buffer.concat " |\n  "
; @output_buffer.concat(( link_to "Destroy", @person, :confirm => 'Are you sure?', :method => :delete ).to_s); @output_buffer.concat " |\n  "
; @output_buffer.concat(( link_to "View All", people_path ).to_s); @output_buffer.concat "\n</p>\n"

; @output_buffer
          ensure
            self.output_buffer = old_output_buffer
          end
Backtrace: /home/tom/Sites/notes/app/views/people/show.html.erb:29:in `compile!'
/usr/lib/ruby/gems/1.8/gems/actionpack-2.3.8/lib/action_view/renderable.rb:61:in `compile'
/usr/lib/ruby/gems/1.8/gems/actionpack-2.3.8/lib/action_view/renderable.rb:28:in `render'
/usr/lib/ruby/gems/1.8/gems/actionpack-2.3.8/lib/action_view/template.rb:205:in `render_template'
/usr/lib/ruby/gems/1.8/gems/actionpack-2.3.8/lib/action_view/base.rb:265:in `render'
/usr/lib/ruby/gems/1.8/gems/actionpack-2.3.8/lib/action_view/base.rb:348:in `_render_with_layout'
/usr/lib/ruby/gems/1.8/gems/actionpack-2.3.8/lib/action_view/base.rb:262:in `render'
/usr/lib/ruby/gems/1.8/gems/actionpack-2.3.8/lib/action_controller/base.rb:1250:in `render_for_file'
/usr/lib/ruby/gems/1.8/gems/actionpack-2.3.8/lib/action_controller/base.rb:936:in `render_without_benchmark'
/usr/lib/ruby/gems/1.8/gems/actionpack-2.3.8/lib/action_controller/benchmarking.rb:51:in `render'
/usr/lib/ruby/gems/1.8/gems/activesupport-2.3.8/lib/active_support/core_ext/benchmark.rb:17:in `ms'
/usr/lib/ruby/1.8/benchmark.rb:308:in `realtime'
/usr/lib/ruby/gems/1.8/gems/activesupport-2.3.8/lib/active_support/core_ext/benchmark.rb:17:in `ms'
/usr/lib/ruby/gems/1.8/gems/actionpack-2.3.8/lib/action_controller/benchmarking.rb:51:in `render'
/usr/lib/ruby/gems/1.8/gems/actionpack-2.3.8/lib/action_controller/base.rb:1326:in `default_render'
/usr/lib/ruby/gems/1.8/gems/actionpack-2.3.8/lib/action_controller/base.rb:1332:in `perform_action_without_filters'
/usr/lib/ruby/gems/1.8/gems/actionpack-2.3.8/lib/action_controller/filters.rb:617:in `call_filters'
/usr/lib/ruby/gems/1.8/gems/actionpack-2.3.8/lib/action_controller/filters.rb:610:in `perform_action_without_benchmark'
/usr/lib/ruby/gems/1.8/gems/actionpack-2.3.8/lib/action_controller/benchmarking.rb:68:in `perform_action_without_rescue'
/usr/lib/ruby/gems/1.8/gems/activesupport-2.3.8/lib/active_support/core_ext/benchmark.rb:17:in `ms'
/usr/lib/ruby/1.8/benchmark.rb:308:in `realtime'
/usr/lib/ruby/gems/1.8/gems/activesupport-2.3.8/lib/active_support/core_ext/benchmark.rb:17:in `ms'
/usr/lib/ruby/gems/1.8/gems/actionpack-2.3.8/lib/action_controller/benchmarking.rb:68:in `perform_action_without_rescue'
/usr/lib/ruby/gems/1.8/gems/actionpack-2.3.8/lib/action_controller/rescue.rb:160:in `perform_action_without_flash'
/usr/lib/ruby/gems/1.8/gems/actionpack-2.3.8/lib/action_controller/flash.rb:151:in `perform_action'
/usr/lib/ruby/gems/1.8/gems/actionpack-2.3.8/lib/action_controller/base.rb:532:in `send'
/usr/lib/ruby/gems/1.8/gems/actionpack-2.3.8/lib/action_controller/base.rb:532:in `process_without_filters'
/usr/lib/ruby/gems/1.8/gems/actionpack-2.3.8/lib/action_controller/filters.rb:606:in `process'
/usr/lib/ruby/gems/1.8/gems/actionpack-2.3.8/lib/action_controller/base.rb:391:in `process'
/usr/lib/ruby/gems/1.8/gems/actionpack-2.3.8/lib/action_controller/base.rb:386:in `call'
/usr/lib/ruby/gems/1.8/gems/actionpack-2.3.8/lib/action_controller/routing/route_set.rb:438:in `call'
/usr/lib/ruby/gems/1.8/gems/actionpack-2.3.8/lib/action_controller/dispatcher.rb:87:in `dispatch'
/usr/lib/ruby/gems/1.8/gems/actionpack-2.3.8/lib/action_controller/dispatcher.rb:121:in `_call'
/usr/lib/ruby/gems/1.8/gems/actionpack-2.3.8/lib/action_controller/dispatcher.rb:130
/usr/lib/ruby/gems/1.8/gems/activerecord-2.3.8/lib/active_record/query_cache.rb:29:in `call'
/usr/lib/ruby/gems/1.8/gems/activerecord-2.3.8/lib/active_record/query_cache.rb:29:in `call'
/usr/lib/ruby/gems/1.8/gems/activerecord-2.3.8/lib/active_record/connection_adapters/abstract/query_cache.rb:34:in `cache'
/usr/lib/ruby/gems/1.8/gems/activerecord-2.3.8/lib/active_record/query_cache.rb:9:in `cache'
/usr/lib/ruby/gems/1.8/gems/activerecord-2.3.8/lib/active_record/query_cache.rb:28:in `call'
/usr/lib/ruby/gems/1.8/gems/activerecord-2.3.8/lib/active_record/connection_adapters/abstract/connection_pool.rb:361:in `call'
/usr/lib/ruby/gems/1.8/gems/actionpack-2.3.8/lib/action_controller/string_coercion.rb:25:in `call'
/usr/lib/ruby/gems/1.8/gems/rack-1.1.0/lib/rack/head.rb:9:in `call'
/usr/lib/ruby/gems/1.8/gems/rack-1.1.0/lib/rack/methodoverride.rb:24:in `call'
/usr/lib/ruby/gems/1.8/gems/actionpack-2.3.8/lib/action_controller/params_parser.rb:15:in `call'
/usr/lib/ruby/gems/1.8/gems/actionpack-2.3.8/lib/action_controller/session/cookie_store.rb:99:in `call'
/usr/lib/ruby/gems/1.8/gems/actionpack-2.3.8/lib/action_controller/failsafe.rb:26:in `call'
/usr/lib/ruby/gems/1.8/gems/rack-1.1.0/lib/rack/lock.rb:11:in `call'
/usr/lib/ruby/gems/1.8/gems/rack-1.1.0/lib/rack/lock.rb:11:in `synchronize'
/usr/lib/ruby/gems/1.8/gems/rack-1.1.0/lib/rack/lock.rb:11:in `call'
/usr/lib/ruby/gems/1.8/gems/actionpack-2.3.8/lib/action_controller/dispatcher.rb:114:in `call'
/usr/lib/ruby/gems/1.8/gems/actionpack-2.3.8/lib/action_controller/reloader.rb:34:in `run'
/usr/lib/ruby/gems/1.8/gems/actionpack-2.3.8/lib/action_controller/dispatcher.rb:108:in `call'
/usr/lib/ruby/gems/1.8/gems/rails-2.3.8/lib/rails/rack/static.rb:31:in `call'
/usr/lib/ruby/gems/1.8/gems/rack-1.1.0/lib/rack/urlmap.rb:47:in `call'
/usr/lib/ruby/gems/1.8/gems/rack-1.1.0/lib/rack/urlmap.rb:41:in `each'
/usr/lib/ruby/gems/1.8/gems/rack-1.1.0/lib/rack/urlmap.rb:41:in `call'
/usr/lib/ruby/gems/1.8/gems/rails-2.3.8/lib/rails/rack/log_tailer.rb:17:in `call'
/usr/lib/ruby/gems/1.8/gems/rack-1.1.0/lib/rack/content_length.rb:13:in `call'
/usr/lib/ruby/gems/1.8/gems/rack-1.1.0/lib/rack/handler/webrick.rb:48:in `service'
/usr/lib/ruby/1.8/webrick/httpserver.rb:104:in `service'
/usr/lib/ruby/1.8/webrick/httpserver.rb:65:in `run'
/usr/lib/ruby/1.8/webrick/server.rb:173:in `start_thread'
/usr/lib/ruby/1.8/webrick/server.rb:162:in `start'
/usr/lib/ruby/1.8/webrick/server.rb:162:in `start_thread'
/usr/lib/ruby/1.8/webrick/server.rb:95:in `start'
/usr/lib/ruby/1.8/webrick/server.rb:92:in `each'
/usr/lib/ruby/1.8/webrick/server.rb:92:in `start'
/usr/lib/ruby/1.8/webrick/server.rb:23:in `start'
/usr/lib/ruby/1.8/webrick/server.rb:82:in `start'
/usr/lib/ruby/gems/1.8/gems/rack-1.1.0/lib/rack/handler/webrick.rb:14:in `run'
/usr/lib/ruby/gems/1.8/gems/rails-2.3.8/lib/commands/server.rb:111
/usr/local/lib/site_ruby/1.8/rubygems/custom_require.rb:31:in `gem_original_require'
/usr/local/lib/site_ruby/1.8/rubygems/custom_require.rb:31:in `require'
script/server:3

ActionView::TemplateError (compile error
/home/tom/Sites/notes/app/views/people/show.html.erb:7: syntax error, unexpected '('
...conditions => {:date => Date.("2010-07-10")}) do |note| ; @o...
                              ^
/home/tom/Sites/notes/app/views/people/show.html.erb:7: syntax error, unexpected ')', expecting kEND
... {:date => Date.("2010-07-10")}) do |note| ; @output_buffer....
                              ^
/home/tom/Sites/notes/app/views/people/show.html.erb:29: syntax error, unexpected kENSURE, expecting $end) on line #7 of app/views/people/show.html.erb:
4: 
5: <h2>Scrum Notes</h2>
6: 
7: <% @person.notes.find(:all, :conditions => {:date => Date.("2010-07-10")}) do |note| %>
8:   <p>
9:     <h3><%=h note.date %></h3>
10:   </p>

    app/views/people/show.html.erb:29:in `compile!'
    /usr/lib/ruby/1.8/webrick/httpserver.rb:104:in `service'
    /usr/lib/ruby/1.8/webrick/httpserver.rb:65:in `run'
    /usr/lib/ruby/1.8/webrick/server.rb:173:in `start_thread'
    /usr/lib/ruby/1.8/webrick/server.rb:162:in `start'
    /usr/lib/ruby/1.8/webrick/server.rb:162:in `start_thread'
    /usr/lib/ruby/1.8/webrick/server.rb:95:in `start'
    /usr/lib/ruby/1.8/webrick/server.rb:92:in `each'
    /usr/lib/ruby/1.8/webrick/server.rb:92:in `start'
    /usr/lib/ruby/1.8/webrick/server.rb:23:in `start'
    /usr/lib/ruby/1.8/webrick/server.rb:82:in `start'

Rendered rescues/_trace (232.8ms)
Rendered rescues/_request_and_response (5.6ms)
Rendering rescues/layout (internal_server_error)
  [4;36;1mSQL (0.7ms)[0m   [0;1mSET NAMES 'utf8'[0m
  [4;35;1mSQL (2.4ms)[0m   [0mSET SQL_AUTO_IS_NULL=0[0m


Processing PeopleController#show (for 127.0.0.1 at 2010-07-11 21:19:59) [GET]
  Parameters: {"id"=>"2"}
  [4;36;1mPerson Columns (3.7ms)[0m   [0;1mSHOW FIELDS FROM `people`[0m
  [4;35;1mPerson Load (3.7ms)[0m   [0mSELECT * FROM `people` WHERE (`people`.`id` = 2) [0m
Rendering template within layouts/application
Rendering people/show
  [4;36;1mNote Load (1.7ms)[0m   [0;1mSELECT * FROM `notes` WHERE (`notes`.person_id = 2 AND (`notes`.`date` = '2010-07-10')) [0m
Completed in 177ms (View: 115, DB: 12) | 200 OK [http://localhost/people/2]
  [4;35;1mSQL (1.3ms)[0m   [0mSET NAMES 'utf8'[0m
  [4;36;1mSQL (3.8ms)[0m   [0;1mSET SQL_AUTO_IS_NULL=0[0m


Processing PeopleController#show (for 127.0.0.1 at 2010-07-11 21:21:25) [GET]
  Parameters: {"id"=>"1"}
  [4;35;1mPerson Columns (7.5ms)[0m   [0mSHOW FIELDS FROM `people`[0m
  [4;36;1mPerson Load (15.4ms)[0m   [0;1mSELECT * FROM `people` WHERE (`people`.`id` = 1) [0m
Rendering template within layouts/application
Rendering people/show
  [4;35;1mNote Load (1.0ms)[0m   [0mSELECT * FROM `notes` WHERE (`notes`.person_id = 1 AND (`notes`.`date` = '2010-07-10')) [0m
Completed in 237ms (View: 126, DB: 29) | 200 OK [http://localhost/people/1]
  [4;36;1mSQL (9.1ms)[0m   [0;1mSET NAMES 'utf8'[0m
  [4;35;1mSQL (1.5ms)[0m   [0mSET SQL_AUTO_IS_NULL=0[0m


Processing PeopleController#show (for 127.0.0.1 at 2010-07-11 21:22:59) [GET]
  Parameters: {"id"=>"1"}
  [4;36;1mPerson Columns (3.0ms)[0m   [0;1mSHOW FIELDS FROM `people`[0m
  [4;35;1mPerson Load (11.2ms)[0m   [0mSELECT * FROM `people` WHERE (`people`.`id` = 1) [0m
Rendering template within layouts/application
Rendering people/show
  [4;36;1mNote Load (1.8ms)[0m   [0;1mSELECT * FROM `notes` WHERE (`notes`.person_id = 1) [0m
  [4;35;1mNote Columns (3.3ms)[0m   [0mSHOW FIELDS FROM `notes`[0m
Completed in 530ms (View: 434, DB: 30) | 200 OK [http://localhost/people/1]
  [4;36;1mSQL (1.2ms)[0m   [0;1mSET NAMES 'utf8'[0m
  [4;35;1mSQL (1.2ms)[0m   [0mSET SQL_AUTO_IS_NULL=0[0m


Processing PeopleController#show (for 127.0.0.1 at 2010-07-11 21:28:36) [GET]
  Parameters: {"id"=>"1"}
  [4;36;1mPerson Columns (3.0ms)[0m   [0;1mSHOW FIELDS FROM `people`[0m
  [4;35;1mPerson Load (1.8ms)[0m   [0mSELECT * FROM `people` WHERE (`people`.`id` = 1) [0m
Rendering template within layouts/application
Rendering people/show
  [4;36;1mNote Columns (3.2ms)[0m   [0;1mSHOW FIELDS FROM `notes`[0m
  [4;35;1mNote Load (2.5ms)[0m   [0mSELECT * FROM `notes` WHERE (`notes`.`date` = '2010-07-11') AND (`notes`.person_id = 1) LIMIT 1[0m
Completed in 161ms (View: 95, DB: 13) | 200 OK [http://localhost/people/1]
  [4;36;1mSQL (0.8ms)[0m   [0;1mSET NAMES 'utf8'[0m
  [4;35;1mSQL (1.1ms)[0m   [0mSET SQL_AUTO_IS_NULL=0[0m


Processing PeopleController#show (for 127.0.0.1 at 2010-07-11 21:45:11) [GET]
  Parameters: {"id"=>"1"}
  [4;36;1mPerson Columns (7.5ms)[0m   [0;1mSHOW FIELDS FROM `people`[0m
  [4;35;1mPerson Load (7.0ms)[0m   [0mSELECT * FROM `people` WHERE (`people`.`id` = 1) [0m
Rendering template within layouts/application
Rendering people/show

ActionView::TemplateError (undefined method `note' for #<Person:0xb66602a4>) on line #7 of app/views/people/show.html.erb:
4: 
5: <h2>Scrum Notes</h2>
6: 
7: <% @person.note.find_by_date("2010-07-11") do |note| %>
8:   <p>
9:     <h3><%=h note.date %></h3>
10:   </p>

    app/views/people/show.html.erb:7
    /usr/lib/ruby/1.8/webrick/httpserver.rb:104:in `service'
    /usr/lib/ruby/1.8/webrick/httpserver.rb:65:in `run'
    /usr/lib/ruby/1.8/webrick/server.rb:173:in `start_thread'
    /usr/lib/ruby/1.8/webrick/server.rb:162:in `start'
    /usr/lib/ruby/1.8/webrick/server.rb:162:in `start_thread'
    /usr/lib/ruby/1.8/webrick/server.rb:95:in `start'
    /usr/lib/ruby/1.8/webrick/server.rb:92:in `each'
    /usr/lib/ruby/1.8/webrick/server.rb:92:in `start'
    /usr/lib/ruby/1.8/webrick/server.rb:23:in `start'
    /usr/lib/ruby/1.8/webrick/server.rb:82:in `start'

Rendered rescues/_trace (293.4ms)
Rendered rescues/_request_and_response (1.8ms)
Rendering rescues/layout (internal_server_error)
  [4;36;1mSQL (1.8ms)[0m   [0;1mSET NAMES 'utf8'[0m
  [4;35;1mSQL (7.3ms)[0m   [0mSET SQL_AUTO_IS_NULL=0[0m


Processing PeopleController#show (for 127.0.0.1 at 2010-07-11 21:50:06) [GET]
  Parameters: {"id"=>"1"}
  [4;36;1mPerson Columns (10.1ms)[0m   [0;1mSHOW FIELDS FROM `people`[0m
  [4;35;1mPerson Load (1.5ms)[0m   [0mSELECT * FROM `people` WHERE (`people`.`id` = 1) [0m
Rendering template within layouts/application
Rendering people/show

ActionView::TemplateError (undefined method `note' for #<Person:0xb652e82c>) on line #9 of app/views/people/show.html.erb:
6: 
7: Test.created_after(Time.now-1.year
8: 
9: <% @person.note.created_at(Time.now-1.day) do |note| %>
10:   <p>
11:     <h3><%=h note.date %></h3>
12:   </p>

    app/views/people/show.html.erb:9
    /usr/lib/ruby/1.8/webrick/httpserver.rb:104:in `service'
    /usr/lib/ruby/1.8/webrick/httpserver.rb:65:in `run'
    /usr/lib/ruby/1.8/webrick/server.rb:173:in `start_thread'
    /usr/lib/ruby/1.8/webrick/server.rb:162:in `start'
    /usr/lib/ruby/1.8/webrick/server.rb:162:in `start_thread'
    /usr/lib/ruby/1.8/webrick/server.rb:95:in `start'
    /usr/lib/ruby/1.8/webrick/server.rb:92:in `each'
    /usr/lib/ruby/1.8/webrick/server.rb:92:in `start'
    /usr/lib/ruby/1.8/webrick/server.rb:23:in `start'
    /usr/lib/ruby/1.8/webrick/server.rb:82:in `start'

Rendered rescues/_trace (572.3ms)
Rendered rescues/_request_and_response (1.3ms)
Rendering rescues/layout (internal_server_error)
  [4;36;1mSQL (0.7ms)[0m   [0;1mSET NAMES 'utf8'[0m
  [4;35;1mSQL (1.8ms)[0m   [0mSET SQL_AUTO_IS_NULL=0[0m


Processing PeopleController#show (for 127.0.0.1 at 2010-07-11 21:50:20) [GET]
  Parameters: {"id"=>"1"}
  [4;36;1mPerson Columns (5.9ms)[0m   [0;1mSHOW FIELDS FROM `people`[0m
  [4;35;1mPerson Load (1.6ms)[0m   [0mSELECT * FROM `people` WHERE (`people`.`id` = 1) [0m
Rendering template within layouts/application
Rendering people/show

ActionView::TemplateError (/home/tom/Sites/notes/app/models/note.rb:4: syntax error, unexpected tASSOC, expecting '}'
... lambda {|date| :conditions => ["created_at > ?", date]}
                              ^) on line #9 of app/views/people/show.html.erb:
6: 
7: Test.created_after(Time.now-1.year
8: 
9: <% @person.notes.created_at(Time.now-1.day) do |note| %>
10:   <p>
11:     <h3><%=h note.date %></h3>
12:   </p>

    app/views/people/show.html.erb:9
    /usr/lib/ruby/1.8/webrick/httpserver.rb:104:in `service'
    /usr/lib/ruby/1.8/webrick/httpserver.rb:65:in `run'
    /usr/lib/ruby/1.8/webrick/server.rb:173:in `start_thread'
    /usr/lib/ruby/1.8/webrick/server.rb:162:in `start'
    /usr/lib/ruby/1.8/webrick/server.rb:162:in `start_thread'
    /usr/lib/ruby/1.8/webrick/server.rb:95:in `start'
    /usr/lib/ruby/1.8/webrick/server.rb:92:in `each'
    /usr/lib/ruby/1.8/webrick/server.rb:92:in `start'
    /usr/lib/ruby/1.8/webrick/server.rb:23:in `start'
    /usr/lib/ruby/1.8/webrick/server.rb:82:in `start'

Rendered rescues/_trace (243.8ms)
Rendered rescues/_request_and_response (1.5ms)
Rendering rescues/layout (internal_server_error)
  [4;36;1mSQL (1.1ms)[0m   [0;1mSET NAMES 'utf8'[0m
  [4;35;1mSQL (1.4ms)[0m   [0mSET SQL_AUTO_IS_NULL=0[0m


Processing PeopleController#show (for 127.0.0.1 at 2010-07-11 21:53:32) [GET]
  Parameters: {"id"=>"1"}
  [4;36;1mPerson Columns (6.9ms)[0m   [0;1mSHOW FIELDS FROM `people`[0m
  [4;35;1mPerson Load (1.6ms)[0m   [0mSELECT * FROM `people` WHERE (`people`.`id` = 1) [0m
Rendering template within layouts/application
Rendering people/show

ActionView::TemplateError (/home/tom/Sites/notes/app/models/note.rb:4: syntax error, unexpected tASSOC, expecting '}'
... lambda {|date| :conditions => ["created_at > ?", date]}
                              ^) on line #7 of app/views/people/show.html.erb:
4: 
5: <h2>Scrum Notes</h2>
6: 
7: <% @person.notes.each do |note| %>
8:   <p>
9:     <h3><%=h note.date %></h3>
10:   </p>

    app/views/people/show.html.erb:7
    /usr/lib/ruby/1.8/webrick/httpserver.rb:104:in `service'
    /usr/lib/ruby/1.8/webrick/httpserver.rb:65:in `run'
    /usr/lib/ruby/1.8/webrick/server.rb:173:in `start_thread'
    /usr/lib/ruby/1.8/webrick/server.rb:162:in `start'
    /usr/lib/ruby/1.8/webrick/server.rb:162:in `start_thread'
    /usr/lib/ruby/1.8/webrick/server.rb:95:in `start'
    /usr/lib/ruby/1.8/webrick/server.rb:92:in `each'
    /usr/lib/ruby/1.8/webrick/server.rb:92:in `start'
    /usr/lib/ruby/1.8/webrick/server.rb:23:in `start'
    /usr/lib/ruby/1.8/webrick/server.rb:82:in `start'

Rendered rescues/_trace (555.2ms)
Rendered rescues/_request_and_response (1.4ms)
Rendering rescues/layout (internal_server_error)
  [4;36;1mSQL (1.1ms)[0m   [0;1mSET NAMES 'utf8'[0m
  [4;35;1mSQL (1.9ms)[0m   [0mSET SQL_AUTO_IS_NULL=0[0m


Processing PeopleController#show (for 127.0.0.1 at 2010-07-11 21:53:47) [GET]
  Parameters: {"id"=>"1"}
  [4;36;1mPerson Columns (4.1ms)[0m   [0;1mSHOW FIELDS FROM `people`[0m
  [4;35;1mPerson Load (2.0ms)[0m   [0mSELECT * FROM `people` WHERE (`people`.`id` = 1) [0m
Rendering template within layouts/application
Rendering people/show
  [4;36;1mNote Load (1.7ms)[0m   [0;1mSELECT * FROM `notes` WHERE (`notes`.person_id = 1) [0m
  [4;35;1mNote Columns (2.7ms)[0m   [0mSHOW FIELDS FROM `notes`[0m
Completed in 150ms (View: 74, DB: 13) | 200 OK [http://localhost/people/1]
  [4;36;1mSQL (4.1ms)[0m   [0;1mSET NAMES 'utf8'[0m
  [4;35;1mSQL (2.6ms)[0m   [0mSET SQL_AUTO_IS_NULL=0[0m


Processing PeopleController#show (for 127.0.0.1 at 2010-07-11 22:18:14) [GET]
  Parameters: {"id"=>"1"}
  [4;36;1mPerson Columns (2.5ms)[0m   [0;1mSHOW FIELDS FROM `people`[0m
  [4;35;1mPerson Load (1.9ms)[0m   [0mSELECT * FROM `people` WHERE (`people`.`id` = 1) [0m
Rendering template within layouts/application
Rendering people/show
  [4;36;1mNote Load (1.8ms)[0m   [0;1mSELECT * FROM `notes` WHERE (`notes`.person_id = 1) [0m
  [4;35;1mNote Columns (2.5ms)[0m   [0mSHOW FIELDS FROM `notes`[0m
Completed in 136ms (View: 77, DB: 16) | 200 OK [http://localhost/people/1]
  [4;36;1mSQL (1.0ms)[0m   [0;1mSET NAMES 'utf8'[0m
  [4;35;1mSQL (1.4ms)[0m   [0mSET SQL_AUTO_IS_NULL=0[0m


Processing PeopleController#show (for 127.0.0.1 at 2010-07-11 22:18:16) [GET]
  Parameters: {"id"=>"1"}
  [4;36;1mPerson Columns (3.8ms)[0m   [0;1mSHOW FIELDS FROM `people`[0m
  [4;35;1mPerson Load (1.8ms)[0m   [0mSELECT * FROM `people` WHERE (`people`.`id` = 1) [0m
Rendering template within layouts/application
Rendering people/show
  [4;36;1mNote Load (2.5ms)[0m   [0;1mSELECT * FROM `notes` WHERE (`notes`.person_id = 1) [0m
  [4;35;1mNote Columns (3.3ms)[0m   [0mSHOW FIELDS FROM `notes`[0m
Completed in 272ms (View: 212, DB: 14) | 200 OK [http://localhost/people/1]
  [4;36;1mSQL (1.1ms)[0m   [0;1mSET NAMES 'utf8'[0m
  [4;35;1mSQL (1.6ms)[0m   [0mSET SQL_AUTO_IS_NULL=0[0m


Processing PeopleController#show (for 127.0.0.1 at 2010-07-11 22:19:14) [GET]
  Parameters: {"id"=>"1"}
  [4;36;1mPerson Columns (8.0ms)[0m   [0;1mSHOW FIELDS FROM `people`[0m
  [4;35;1mPerson Load (2.0ms)[0m   [0mSELECT * FROM `people` WHERE (`people`.`id` = 1) [0m
Rendering template within layouts/application
Rendering people/show
  [4;36;1mNote Load (2.8ms)[0m   [0;1mSELECT * FROM `notes` WHERE (`notes`.person_id = 1) [0m
  [4;35;1mNote Columns (5.3ms)[0m   [0mSHOW FIELDS FROM `notes`[0m
Completed in 187ms (View: 89, DB: 21) | 200 OK [http://localhost/people/1]
  [4;36;1mSQL (1.1ms)[0m   [0;1mSET NAMES 'utf8'[0m
  [4;35;1mSQL (2.1ms)[0m   [0mSET SQL_AUTO_IS_NULL=0[0m


Processing PeopleController#show (for 127.0.0.1 at 2010-07-11 22:19:16) [GET]
  Parameters: {"id"=>"1"}
  [4;36;1mPerson Columns (11.6ms)[0m   [0;1mSHOW FIELDS FROM `people`[0m
  [4;35;1mPerson Load (1.1ms)[0m   [0mSELECT * FROM `people` WHERE (`people`.`id` = 1) [0m
Rendering template within layouts/application
Rendering people/show
  [4;36;1mNote Load (1.6ms)[0m   [0;1mSELECT * FROM `notes` WHERE (`notes`.person_id = 1) [0m
  [4;35;1mNote Columns (4.9ms)[0m   [0mSHOW FIELDS FROM `notes`[0m
Completed in 149ms (View: 80, DB: 22) | 200 OK [http://localhost/people/1]
  [4;36;1mSQL (1.0ms)[0m   [0;1mSET NAMES 'utf8'[0m
  [4;35;1mSQL (0.7ms)[0m   [0mSET SQL_AUTO_IS_NULL=0[0m


Processing PeopleController#show (for 127.0.0.1 at 2010-07-11 22:20:02) [GET]
  Parameters: {"id"=>"1"}
  [4;36;1mPerson Columns (3.7ms)[0m   [0;1mSHOW FIELDS FROM `people`[0m
  [4;35;1mPerson Load (5.8ms)[0m   [0mSELECT * FROM `people` WHERE (`people`.`id` = 1) [0m
Rendering template within layouts/application
Rendering people/show
  [4;36;1mNote Load (2.2ms)[0m   [0;1mSELECT * FROM `notes` WHERE (`notes`.person_id = 1) [0m
  [4;35;1mNote Columns (7.3ms)[0m   [0mSHOW FIELDS FROM `notes`[0m
Completed in 241ms (View: 138, DB: 21) | 200 OK [http://localhost/people/1]
  [4;36;1mSQL (0.7ms)[0m   [0;1mSET NAMES 'utf8'[0m
  [4;35;1mSQL (1.2ms)[0m   [0mSET SQL_AUTO_IS_NULL=0[0m


Processing PeopleController#show (for 127.0.0.1 at 2010-07-11 22:21:00) [GET]
  Parameters: {"id"=>"1"}
  [4;36;1mPerson Columns (3.3ms)[0m   [0;1mSHOW FIELDS FROM `people`[0m
  [4;35;1mPerson Load (1.1ms)[0m   [0mSELECT * FROM `people` WHERE (`people`.`id` = 1) [0m
Rendering template within layouts/application
Rendering people/show
Completed in 167ms (View: 105, DB: 6) | 200 OK [http://localhost/people/1]
  [4;36;1mSQL (0.7ms)[0m   [0;1mSET NAMES 'utf8'[0m
  [4;35;1mSQL (1.2ms)[0m   [0mSET SQL_AUTO_IS_NULL=0[0m


Processing PeopleController#show (for 127.0.0.1 at 2010-07-11 22:21:18) [GET]
  Parameters: {"id"=>"1"}
  [4;36;1mPerson Columns (3.1ms)[0m   [0;1mSHOW FIELDS FROM `people`[0m
  [4;35;1mPerson Load (1.5ms)[0m   [0mSELECT * FROM `people` WHERE (`people`.`id` = 1) [0m
Rendering template within layouts/application
Rendering people/show
Completed in 167ms (View: 94, DB: 7) | 200 OK [http://localhost/people/1]
  [4;36;1mSQL (0.8ms)[0m   [0;1mSET NAMES 'utf8'[0m
  [4;35;1mSQL (1.6ms)[0m   [0mSET SQL_AUTO_IS_NULL=0[0m


Processing PeopleController#show (for 127.0.0.1 at 2010-07-11 22:21:33) [GET]
  Parameters: {"id"=>"1"}
  [4;36;1mPerson Columns (9.6ms)[0m   [0;1mSHOW FIELDS FROM `people`[0m
  [4;35;1mPerson Load (1.1ms)[0m   [0mSELECT * FROM `people` WHERE (`people`.`id` = 1) [0m
Rendering template within layouts/application
Rendering people/show
  [4;36;1mNote Load (4.6ms)[0m   [0;1mSELECT * FROM `notes` WHERE (`notes`.person_id = 1) [0m
  [4;35;1mNote Columns (3.3ms)[0m   [0mSHOW FIELDS FROM `notes`[0m
Completed in 214ms (View: 139, DB: 21) | 200 OK [http://localhost/people/1]
  [4;36;1mSQL (1.3ms)[0m   [0;1mSET NAMES 'utf8'[0m
  [4;35;1mSQL (7.4ms)[0m   [0mSET SQL_AUTO_IS_NULL=0[0m


Processing PeopleController#show (for 127.0.0.1 at 2010-07-11 22:23:33) [GET]
  Parameters: {"id"=>"1"}
  [4;36;1mPerson Columns (3.8ms)[0m   [0;1mSHOW FIELDS FROM `people`[0m
  [4;35;1mPerson Load (1.8ms)[0m   [0mSELECT * FROM `people` WHERE (`people`.`id` = 1) [0m
Rendering template within layouts/application
Rendering people/show
ERROR: compiling _run_erb_app47views47people47show46html46erb RAISED compile error
/home/tom/Sites/notes/app/views/people/show.html.erb:9: syntax error, unexpected ')', expecting ']'
... ", Time.now.beginning_of_day) do |note| ; @output_buffer.co...
                              ^
/home/tom/Sites/notes/app/views/people/show.html.erb:31: syntax error, unexpected kENSURE, expecting $end
Function body:           def _run_erb_app47views47people47show46html46erb(local_assigns)
            old_output_buffer = output_buffer;;@output_buffer = '';  __in_erb_template=true ; @output_buffer.concat "<p>\n  <h1>"
; @output_buffer.concat((h @person.name ).to_s); @output_buffer.concat "</h1>\n</p>\n\n<h2>Scrum Notes</h2>\n\n\n\n"






;  @person.notes.all(:conditions=> ["created_at >= ? ", Time.now.beginning_of_day) do |note| ; @output_buffer.concat "\n  <p>\n    <h3>"

; @output_buffer.concat((h note.date ).to_s); @output_buffer.concat "</h3>\n  </p>\n\n  <p><b>Yesterday: </b><br />\n    "



; @output_buffer.concat((h note.yesterday ).to_s); @output_buffer.concat "\n  </p>\n  <p><b>Today: </b><br />\n    "


; @output_buffer.concat((h note.today ).to_s); @output_buffer.concat "\n  </p>\n  <p><b>Issues: </b><br />\n    "


; @output_buffer.concat((h note.issues ).to_s); @output_buffer.concat "\n  </p>\n"

;  end ; @output_buffer.concat "\n\n<p>\n  "


; @output_buffer.concat(( link_to "Edit", edit_person_path(@person) ).to_s); @output_buffer.concat " |\n  "
; @output_buffer.concat(( link_to "Destroy", @person, :confirm => 'Are you sure?', :method => :delete ).to_s); @output_buffer.concat " |\n  "
; @output_buffer.concat(( link_to "View All", people_path ).to_s); @output_buffer.concat "\n</p>\n"

; @output_buffer
          ensure
            self.output_buffer = old_output_buffer
          end
Backtrace: /home/tom/Sites/notes/app/views/people/show.html.erb:31:in `compile!'
/usr/lib/ruby/gems/1.8/gems/actionpack-2.3.8/lib/action_view/renderable.rb:61:in `compile'
/usr/lib/ruby/gems/1.8/gems/actionpack-2.3.8/lib/action_view/renderable.rb:28:in `render'
/usr/lib/ruby/gems/1.8/gems/actionpack-2.3.8/lib/action_view/template.rb:205:in `render_template'
/usr/lib/ruby/gems/1.8/gems/actionpack-2.3.8/lib/action_view/base.rb:265:in `render'
/usr/lib/ruby/gems/1.8/gems/actionpack-2.3.8/lib/action_view/base.rb:348:in `_render_with_layout'
/usr/lib/ruby/gems/1.8/gems/actionpack-2.3.8/lib/action_view/base.rb:262:in `render'
/usr/lib/ruby/gems/1.8/gems/actionpack-2.3.8/lib/action_controller/base.rb:1250:in `render_for_file'
/usr/lib/ruby/gems/1.8/gems/actionpack-2.3.8/lib/action_controller/base.rb:936:in `render_without_benchmark'
/usr/lib/ruby/gems/1.8/gems/actionpack-2.3.8/lib/action_controller/benchmarking.rb:51:in `render'
/usr/lib/ruby/gems/1.8/gems/activesupport-2.3.8/lib/active_support/core_ext/benchmark.rb:17:in `ms'
/usr/lib/ruby/1.8/benchmark.rb:308:in `realtime'
/usr/lib/ruby/gems/1.8/gems/activesupport-2.3.8/lib/active_support/core_ext/benchmark.rb:17:in `ms'
/usr/lib/ruby/gems/1.8/gems/actionpack-2.3.8/lib/action_controller/benchmarking.rb:51:in `render'
/usr/lib/ruby/gems/1.8/gems/actionpack-2.3.8/lib/action_controller/base.rb:1326:in `default_render'
/usr/lib/ruby/gems/1.8/gems/actionpack-2.3.8/lib/action_controller/base.rb:1332:in `perform_action_without_filters'
/usr/lib/ruby/gems/1.8/gems/actionpack-2.3.8/lib/action_controller/filters.rb:617:in `call_filters'
/usr/lib/ruby/gems/1.8/gems/actionpack-2.3.8/lib/action_controller/filters.rb:610:in `perform_action_without_benchmark'
/usr/lib/ruby/gems/1.8/gems/actionpack-2.3.8/lib/action_controller/benchmarking.rb:68:in `perform_action_without_rescue'
/usr/lib/ruby/gems/1.8/gems/activesupport-2.3.8/lib/active_support/core_ext/benchmark.rb:17:in `ms'
/usr/lib/ruby/1.8/benchmark.rb:308:in `realtime'
/usr/lib/ruby/gems/1.8/gems/activesupport-2.3.8/lib/active_support/core_ext/benchmark.rb:17:in `ms'
/usr/lib/ruby/gems/1.8/gems/actionpack-2.3.8/lib/action_controller/benchmarking.rb:68:in `perform_action_without_rescue'
/usr/lib/ruby/gems/1.8/gems/actionpack-2.3.8/lib/action_controller/rescue.rb:160:in `perform_action_without_flash'
/usr/lib/ruby/gems/1.8/gems/actionpack-2.3.8/lib/action_controller/flash.rb:151:in `perform_action'
/usr/lib/ruby/gems/1.8/gems/actionpack-2.3.8/lib/action_controller/base.rb:532:in `send'
/usr/lib/ruby/gems/1.8/gems/actionpack-2.3.8/lib/action_controller/base.rb:532:in `process_without_filters'
/usr/lib/ruby/gems/1.8/gems/actionpack-2.3.8/lib/action_controller/filters.rb:606:in `process'
/usr/lib/ruby/gems/1.8/gems/actionpack-2.3.8/lib/action_controller/base.rb:391:in `process'
/usr/lib/ruby/gems/1.8/gems/actionpack-2.3.8/lib/action_controller/base.rb:386:in `call'
/usr/lib/ruby/gems/1.8/gems/actionpack-2.3.8/lib/action_controller/routing/route_set.rb:438:in `call'
/usr/lib/ruby/gems/1.8/gems/actionpack-2.3.8/lib/action_controller/dispatcher.rb:87:in `dispatch'
/usr/lib/ruby/gems/1.8/gems/actionpack-2.3.8/lib/action_controller/dispatcher.rb:121:in `_call'
/usr/lib/ruby/gems/1.8/gems/actionpack-2.3.8/lib/action_controller/dispatcher.rb:130
/usr/lib/ruby/gems/1.8/gems/activerecord-2.3.8/lib/active_record/query_cache.rb:29:in `call'
/usr/lib/ruby/gems/1.8/gems/activerecord-2.3.8/lib/active_record/query_cache.rb:29:in `call'
/usr/lib/ruby/gems/1.8/gems/activerecord-2.3.8/lib/active_record/connection_adapters/abstract/query_cache.rb:34:in `cache'
/usr/lib/ruby/gems/1.8/gems/activerecord-2.3.8/lib/active_record/query_cache.rb:9:in `cache'
/usr/lib/ruby/gems/1.8/gems/activerecord-2.3.8/lib/active_record/query_cache.rb:28:in `call'
/usr/lib/ruby/gems/1.8/gems/activerecord-2.3.8/lib/active_record/connection_adapters/abstract/connection_pool.rb:361:in `call'
/usr/lib/ruby/gems/1.8/gems/actionpack-2.3.8/lib/action_controller/string_coercion.rb:25:in `call'
/usr/lib/ruby/gems/1.8/gems/rack-1.1.0/lib/rack/head.rb:9:in `call'
/usr/lib/ruby/gems/1.8/gems/rack-1.1.0/lib/rack/methodoverride.rb:24:in `call'
/usr/lib/ruby/gems/1.8/gems/actionpack-2.3.8/lib/action_controller/params_parser.rb:15:in `call'
/usr/lib/ruby/gems/1.8/gems/actionpack-2.3.8/lib/action_controller/session/cookie_store.rb:99:in `call'
/usr/lib/ruby/gems/1.8/gems/actionpack-2.3.8/lib/action_controller/failsafe.rb:26:in `call'
/usr/lib/ruby/gems/1.8/gems/rack-1.1.0/lib/rack/lock.rb:11:in `call'
/usr/lib/ruby/gems/1.8/gems/rack-1.1.0/lib/rack/lock.rb:11:in `synchronize'
/usr/lib/ruby/gems/1.8/gems/rack-1.1.0/lib/rack/lock.rb:11:in `call'
/usr/lib/ruby/gems/1.8/gems/actionpack-2.3.8/lib/action_controller/dispatcher.rb:114:in `call'
/usr/lib/ruby/gems/1.8/gems/actionpack-2.3.8/lib/action_controller/reloader.rb:34:in `run'
/usr/lib/ruby/gems/1.8/gems/actionpack-2.3.8/lib/action_controller/dispatcher.rb:108:in `call'
/usr/lib/ruby/gems/1.8/gems/rails-2.3.8/lib/rails/rack/static.rb:31:in `call'
/usr/lib/ruby/gems/1.8/gems/rack-1.1.0/lib/rack/urlmap.rb:47:in `call'
/usr/lib/ruby/gems/1.8/gems/rack-1.1.0/lib/rack/urlmap.rb:41:in `each'
/usr/lib/ruby/gems/1.8/gems/rack-1.1.0/lib/rack/urlmap.rb:41:in `call'
/usr/lib/ruby/gems/1.8/gems/rails-2.3.8/lib/rails/rack/log_tailer.rb:17:in `call'
/usr/lib/ruby/gems/1.8/gems/rack-1.1.0/lib/rack/content_length.rb:13:in `call'
/usr/lib/ruby/gems/1.8/gems/rack-1.1.0/lib/rack/handler/webrick.rb:48:in `service'
/usr/lib/ruby/1.8/webrick/httpserver.rb:104:in `service'
/usr/lib/ruby/1.8/webrick/httpserver.rb:65:in `run'
/usr/lib/ruby/1.8/webrick/server.rb:173:in `start_thread'
/usr/lib/ruby/1.8/webrick/server.rb:162:in `start'
/usr/lib/ruby/1.8/webrick/server.rb:162:in `start_thread'
/usr/lib/ruby/1.8/webrick/server.rb:95:in `start'
/usr/lib/ruby/1.8/webrick/server.rb:92:in `each'
/usr/lib/ruby/1.8/webrick/server.rb:92:in `start'
/usr/lib/ruby/1.8/webrick/server.rb:23:in `start'
/usr/lib/ruby/1.8/webrick/server.rb:82:in `start'
/usr/lib/ruby/gems/1.8/gems/rack-1.1.0/lib/rack/handler/webrick.rb:14:in `run'
/usr/lib/ruby/gems/1.8/gems/rails-2.3.8/lib/commands/server.rb:111
/usr/local/lib/site_ruby/1.8/rubygems/custom_require.rb:31:in `gem_original_require'
/usr/local/lib/site_ruby/1.8/rubygems/custom_require.rb:31:in `require'
script/server:3

ActionView::TemplateError (compile error
/home/tom/Sites/notes/app/views/people/show.html.erb:9: syntax error, unexpected ')', expecting ']'
... ", Time.now.beginning_of_day) do |note| ; @output_buffer.co...
                              ^
/home/tom/Sites/notes/app/views/people/show.html.erb:31: syntax error, unexpected kENSURE, expecting $end) on line #9 of app/views/people/show.html.erb:
6: 
7: 
8: 
9: <% @person.notes.all(:conditions=> ["created_at >= ? ", Time.now.beginning_of_day) do |note| %>
10:   <p>
11:     <h3><%=h note.date %></h3>
12:   </p>

    app/views/people/show.html.erb:31:in `compile!'
    /usr/lib/ruby/1.8/webrick/httpserver.rb:104:in `service'
    /usr/lib/ruby/1.8/webrick/httpserver.rb:65:in `run'
    /usr/lib/ruby/1.8/webrick/server.rb:173:in `start_thread'
    /usr/lib/ruby/1.8/webrick/server.rb:162:in `start'
    /usr/lib/ruby/1.8/webrick/server.rb:162:in `start_thread'
    /usr/lib/ruby/1.8/webrick/server.rb:95:in `start'
    /usr/lib/ruby/1.8/webrick/server.rb:92:in `each'
    /usr/lib/ruby/1.8/webrick/server.rb:92:in `start'
    /usr/lib/ruby/1.8/webrick/server.rb:23:in `start'
    /usr/lib/ruby/1.8/webrick/server.rb:82:in `start'

Rendered rescues/_trace (196.4ms)
Rendered rescues/_request_and_response (3.4ms)
Rendering rescues/layout (internal_server_error)
  [4;36;1mSQL (4.2ms)[0m   [0;1mSET NAMES 'utf8'[0m
  [4;35;1mSQL (1.4ms)[0m   [0mSET SQL_AUTO_IS_NULL=0[0m


Processing PeopleController#show (for 127.0.0.1 at 2010-07-11 22:23:53) [GET]
  Parameters: {"id"=>"1"}
  [4;36;1mPerson Columns (3.4ms)[0m   [0;1mSHOW FIELDS FROM `people`[0m
  [4;35;1mPerson Load (1.7ms)[0m   [0mSELECT * FROM `people` WHERE (`people`.`id` = 1) [0m
Rendering template within layouts/application
Rendering people/show
ERROR: compiling _run_erb_app47views47people47show46html46erb RAISED compile error
/home/tom/Sites/notes/app/views/people/show.html.erb:9: syntax error, unexpected kDO, expecting ')'
... Time.now.beginning_of_day] do |note| ; @output_buffer.conca...
                              ^
/home/tom/Sites/notes/app/views/people/show.html.erb:31: syntax error, unexpected kENSURE, expecting $end
Function body:           def _run_erb_app47views47people47show46html46erb(local_assigns)
            old_output_buffer = output_buffer;;@output_buffer = '';  __in_erb_template=true ; @output_buffer.concat "<p>\n  <h1>"
; @output_buffer.concat((h @person.name ).to_s); @output_buffer.concat "</h1>\n</p>\n\n<h2>Scrum Notes</h2>\n\n\n\n"






;  @person.notes.all(:conditions=> ["created_at >= ? ", Time.now.beginning_of_day] do |note| ; @output_buffer.concat "\n  <p>\n    <h3>"

; @output_buffer.concat((h note.date ).to_s); @output_buffer.concat "</h3>\n  </p>\n\n  <p><b>Yesterday: </b><br />\n    "



; @output_buffer.concat((h note.yesterday ).to_s); @output_buffer.concat "\n  </p>\n  <p><b>Today: </b><br />\n    "


; @output_buffer.concat((h note.today ).to_s); @output_buffer.concat "\n  </p>\n  <p><b>Issues: </b><br />\n    "


; @output_buffer.concat((h note.issues ).to_s); @output_buffer.concat "\n  </p>\n"

;  end ; @output_buffer.concat "\n\n<p>\n  "


; @output_buffer.concat(( link_to "Edit", edit_person_path(@person) ).to_s); @output_buffer.concat " |\n  "
; @output_buffer.concat(( link_to "Destroy", @person, :confirm => 'Are you sure?', :method => :delete ).to_s); @output_buffer.concat " |\n  "
; @output_buffer.concat(( link_to "View All", people_path ).to_s); @output_buffer.concat "\n</p>\n"

; @output_buffer
          ensure
            self.output_buffer = old_output_buffer
          end
Backtrace: /home/tom/Sites/notes/app/views/people/show.html.erb:31:in `compile!'
/usr/lib/ruby/gems/1.8/gems/actionpack-2.3.8/lib/action_view/renderable.rb:61:in `compile'
/usr/lib/ruby/gems/1.8/gems/actionpack-2.3.8/lib/action_view/renderable.rb:28:in `render'
/usr/lib/ruby/gems/1.8/gems/actionpack-2.3.8/lib/action_view/template.rb:205:in `render_template'
/usr/lib/ruby/gems/1.8/gems/actionpack-2.3.8/lib/action_view/base.rb:265:in `render'
/usr/lib/ruby/gems/1.8/gems/actionpack-2.3.8/lib/action_view/base.rb:348:in `_render_with_layout'
/usr/lib/ruby/gems/1.8/gems/actionpack-2.3.8/lib/action_view/base.rb:262:in `render'
/usr/lib/ruby/gems/1.8/gems/actionpack-2.3.8/lib/action_controller/base.rb:1250:in `render_for_file'
/usr/lib/ruby/gems/1.8/gems/actionpack-2.3.8/lib/action_controller/base.rb:936:in `render_without_benchmark'
/usr/lib/ruby/gems/1.8/gems/actionpack-2.3.8/lib/action_controller/benchmarking.rb:51:in `render'
/usr/lib/ruby/gems/1.8/gems/activesupport-2.3.8/lib/active_support/core_ext/benchmark.rb:17:in `ms'
/usr/lib/ruby/1.8/benchmark.rb:308:in `realtime'
/usr/lib/ruby/gems/1.8/gems/activesupport-2.3.8/lib/active_support/core_ext/benchmark.rb:17:in `ms'
/usr/lib/ruby/gems/1.8/gems/actionpack-2.3.8/lib/action_controller/benchmarking.rb:51:in `render'
/usr/lib/ruby/gems/1.8/gems/actionpack-2.3.8/lib/action_controller/base.rb:1326:in `default_render'
/usr/lib/ruby/gems/1.8/gems/actionpack-2.3.8/lib/action_controller/base.rb:1332:in `perform_action_without_filters'
/usr/lib/ruby/gems/1.8/gems/actionpack-2.3.8/lib/action_controller/filters.rb:617:in `call_filters'
/usr/lib/ruby/gems/1.8/gems/actionpack-2.3.8/lib/action_controller/filters.rb:610:in `perform_action_without_benchmark'
/usr/lib/ruby/gems/1.8/gems/actionpack-2.3.8/lib/action_controller/benchmarking.rb:68:in `perform_action_without_rescue'
/usr/lib/ruby/gems/1.8/gems/activesupport-2.3.8/lib/active_support/core_ext/benchmark.rb:17:in `ms'
/usr/lib/ruby/1.8/benchmark.rb:308:in `realtime'
/usr/lib/ruby/gems/1.8/gems/activesupport-2.3.8/lib/active_support/core_ext/benchmark.rb:17:in `ms'
/usr/lib/ruby/gems/1.8/gems/actionpack-2.3.8/lib/action_controller/benchmarking.rb:68:in `perform_action_without_rescue'
/usr/lib/ruby/gems/1.8/gems/actionpack-2.3.8/lib/action_controller/rescue.rb:160:in `perform_action_without_flash'
/usr/lib/ruby/gems/1.8/gems/actionpack-2.3.8/lib/action_controller/flash.rb:151:in `perform_action'
/usr/lib/ruby/gems/1.8/gems/actionpack-2.3.8/lib/action_controller/base.rb:532:in `send'
/usr/lib/ruby/gems/1.8/gems/actionpack-2.3.8/lib/action_controller/base.rb:532:in `process_without_filters'
/usr/lib/ruby/gems/1.8/gems/actionpack-2.3.8/lib/action_controller/filters.rb:606:in `process'
/usr/lib/ruby/gems/1.8/gems/actionpack-2.3.8/lib/action_controller/base.rb:391:in `process'
/usr/lib/ruby/gems/1.8/gems/actionpack-2.3.8/lib/action_controller/base.rb:386:in `call'
/usr/lib/ruby/gems/1.8/gems/actionpack-2.3.8/lib/action_controller/routing/route_set.rb:438:in `call'
/usr/lib/ruby/gems/1.8/gems/actionpack-2.3.8/lib/action_controller/dispatcher.rb:87:in `dispatch'
/usr/lib/ruby/gems/1.8/gems/actionpack-2.3.8/lib/action_controller/dispatcher.rb:121:in `_call'
/usr/lib/ruby/gems/1.8/gems/actionpack-2.3.8/lib/action_controller/dispatcher.rb:130
/usr/lib/ruby/gems/1.8/gems/activerecord-2.3.8/lib/active_record/query_cache.rb:29:in `call'
/usr/lib/ruby/gems/1.8/gems/activerecord-2.3.8/lib/active_record/query_cache.rb:29:in `call'
/usr/lib/ruby/gems/1.8/gems/activerecord-2.3.8/lib/active_record/connection_adapters/abstract/query_cache.rb:34:in `cache'
/usr/lib/ruby/gems/1.8/gems/activerecord-2.3.8/lib/active_record/query_cache.rb:9:in `cache'
/usr/lib/ruby/gems/1.8/gems/activerecord-2.3.8/lib/active_record/query_cache.rb:28:in `call'
/usr/lib/ruby/gems/1.8/gems/activerecord-2.3.8/lib/active_record/connection_adapters/abstract/connection_pool.rb:361:in `call'
/usr/lib/ruby/gems/1.8/gems/actionpack-2.3.8/lib/action_controller/string_coercion.rb:25:in `call'
/usr/lib/ruby/gems/1.8/gems/rack-1.1.0/lib/rack/head.rb:9:in `call'
/usr/lib/ruby/gems/1.8/gems/rack-1.1.0/lib/rack/methodoverride.rb:24:in `call'
/usr/lib/ruby/gems/1.8/gems/actionpack-2.3.8/lib/action_controller/params_parser.rb:15:in `call'
/usr/lib/ruby/gems/1.8/gems/actionpack-2.3.8/lib/action_controller/session/cookie_store.rb:99:in `call'
/usr/lib/ruby/gems/1.8/gems/actionpack-2.3.8/lib/action_controller/failsafe.rb:26:in `call'
/usr/lib/ruby/gems/1.8/gems/rack-1.1.0/lib/rack/lock.rb:11:in `call'
/usr/lib/ruby/gems/1.8/gems/rack-1.1.0/lib/rack/lock.rb:11:in `synchronize'
/usr/lib/ruby/gems/1.8/gems/rack-1.1.0/lib/rack/lock.rb:11:in `call'
/usr/lib/ruby/gems/1.8/gems/actionpack-2.3.8/lib/action_controller/dispatcher.rb:114:in `call'
/usr/lib/ruby/gems/1.8/gems/actionpack-2.3.8/lib/action_controller/reloader.rb:34:in `run'
/usr/lib/ruby/gems/1.8/gems/actionpack-2.3.8/lib/action_controller/dispatcher.rb:108:in `call'
/usr/lib/ruby/gems/1.8/gems/rails-2.3.8/lib/rails/rack/static.rb:31:in `call'
/usr/lib/ruby/gems/1.8/gems/rack-1.1.0/lib/rack/urlmap.rb:47:in `call'
/usr/lib/ruby/gems/1.8/gems/rack-1.1.0/lib/rack/urlmap.rb:41:in `each'
/usr/lib/ruby/gems/1.8/gems/rack-1.1.0/lib/rack/urlmap.rb:41:in `call'
/usr/lib/ruby/gems/1.8/gems/rails-2.3.8/lib/rails/rack/log_tailer.rb:17:in `call'
/usr/lib/ruby/gems/1.8/gems/rack-1.1.0/lib/rack/content_length.rb:13:in `call'
/usr/lib/ruby/gems/1.8/gems/rack-1.1.0/lib/rack/handler/webrick.rb:48:in `service'
/usr/lib/ruby/1.8/webrick/httpserver.rb:104:in `service'
/usr/lib/ruby/1.8/webrick/httpserver.rb:65:in `run'
/usr/lib/ruby/1.8/webrick/server.rb:173:in `start_thread'
/usr/lib/ruby/1.8/webrick/server.rb:162:in `start'
/usr/lib/ruby/1.8/webrick/server.rb:162:in `start_thread'
/usr/lib/ruby/1.8/webrick/server.rb:95:in `start'
/usr/lib/ruby/1.8/webrick/server.rb:92:in `each'
/usr/lib/ruby/1.8/webrick/server.rb:92:in `start'
/usr/lib/ruby/1.8/webrick/server.rb:23:in `start'
/usr/lib/ruby/1.8/webrick/server.rb:82:in `start'
/usr/lib/ruby/gems/1.8/gems/rack-1.1.0/lib/rack/handler/webrick.rb:14:in `run'
/usr/lib/ruby/gems/1.8/gems/rails-2.3.8/lib/commands/server.rb:111
/usr/local/lib/site_ruby/1.8/rubygems/custom_require.rb:31:in `gem_original_require'
/usr/local/lib/site_ruby/1.8/rubygems/custom_require.rb:31:in `require'
script/server:3

ActionView::TemplateError (compile error
/home/tom/Sites/notes/app/views/people/show.html.erb:9: syntax error, unexpected kDO, expecting ')'
... Time.now.beginning_of_day] do |note| ; @output_buffer.conca...
                              ^
/home/tom/Sites/notes/app/views/people/show.html.erb:31: syntax error, unexpected kENSURE, expecting $end) on line #9 of app/views/people/show.html.erb:
6: 
7: 
8: 
9: <% @person.notes.all(:conditions=> ["created_at >= ? ", Time.now.beginning_of_day] do |note| %>
10:   <p>
11:     <h3><%=h note.date %></h3>
12:   </p>

    app/views/people/show.html.erb:31:in `compile!'
    /usr/lib/ruby/1.8/webrick/httpserver.rb:104:in `service'
    /usr/lib/ruby/1.8/webrick/httpserver.rb:65:in `run'
    /usr/lib/ruby/1.8/webrick/server.rb:173:in `start_thread'
    /usr/lib/ruby/1.8/webrick/server.rb:162:in `start'
    /usr/lib/ruby/1.8/webrick/server.rb:162:in `start_thread'
    /usr/lib/ruby/1.8/webrick/server.rb:95:in `start'
    /usr/lib/ruby/1.8/webrick/server.rb:92:in `each'
    /usr/lib/ruby/1.8/webrick/server.rb:92:in `start'
    /usr/lib/ruby/1.8/webrick/server.rb:23:in `start'
    /usr/lib/ruby/1.8/webrick/server.rb:82:in `start'

Rendered rescues/_trace (201.8ms)
Rendered rescues/_request_and_response (1.3ms)
Rendering rescues/layout (internal_server_error)
  [4;36;1mSQL (5.0ms)[0m   [0;1mSET NAMES 'utf8'[0m
  [4;35;1mSQL (5.1ms)[0m   [0mSET SQL_AUTO_IS_NULL=0[0m


Processing PeopleController#show (for 127.0.0.1 at 2010-07-11 22:24:09) [GET]
  Parameters: {"id"=>"1"}
  [4;36;1mPerson Columns (7.4ms)[0m   [0;1mSHOW FIELDS FROM `people`[0m
  [4;35;1mPerson Load (1.6ms)[0m   [0mSELECT * FROM `people` WHERE (`people`.`id` = 1) [0m
Rendering template within layouts/application
Rendering people/show
  [4;36;1mNote Load (3.3ms)[0m   [0;1mSELECT * FROM `notes` WHERE (created_at >= '2010-07-11 00:00:00' ) AND (`notes`.person_id = 1) [0m
Completed in 138ms (View: 75, DB: 22) | 200 OK [http://localhost/people/1]
  [4;35;1mSQL (0.8ms)[0m   [0mSET NAMES 'utf8'[0m
  [4;36;1mSQL (1.6ms)[0m   [0;1mSET SQL_AUTO_IS_NULL=0[0m


Processing PeopleController#show (for 127.0.0.1 at 2010-07-11 22:24:13) [GET]
  Parameters: {"id"=>"1"}
  [4;35;1mPerson Columns (2.3ms)[0m   [0mSHOW FIELDS FROM `people`[0m
  [4;36;1mPerson Load (7.1ms)[0m   [0;1mSELECT * FROM `people` WHERE (`people`.`id` = 1) [0m
Rendering template within layouts/application
Rendering people/show
  [4;35;1mNote Load (1.7ms)[0m   [0mSELECT * FROM `notes` WHERE (created_at >= '2010-07-11 00:00:00' ) AND (`notes`.person_id = 1) [0m
Completed in 122ms (View: 59, DB: 14) | 200 OK [http://localhost/people/1]
  [4;36;1mSQL (1.3ms)[0m   [0;1mSET NAMES 'utf8'[0m
  [4;35;1mSQL (1.5ms)[0m   [0mSET SQL_AUTO_IS_NULL=0[0m
  [4;36;1mNote Load (3.1ms)[0m   [0;1mSELECT * FROM `notes` WHERE (created_at > '2010-07-10 21:42:06') [0m
  [4;35;1mNote Columns (2.4ms)[0m   [0mSHOW FIELDS FROM `notes`[0m
  [4;36;1mSQL (2.4ms)[0m   [0;1mSELECT count(*) AS count_all FROM `notes` WHERE (created_at > '2010-07-10 21:42:12') [0m
  [4;36;1mSQL (1.6ms)[0m   [0;1mSET NAMES 'utf8'[0m
  [4;35;1mSQL (4.4ms)[0m   [0mSET SQL_AUTO_IS_NULL=0[0m


Processing PeopleController#show (for 127.0.0.1 at 2010-07-11 22:46:28) [GET]
  Parameters: {"id"=>"1"}
  [4;36;1mPerson Columns (4.3ms)[0m   [0;1mSHOW FIELDS FROM `people`[0m
  [4;35;1mPerson Load (2.5ms)[0m   [0mSELECT * FROM `people` WHERE (`people`.`id` = 1) [0m
Rendering template within layouts/application
Rendering people/show
  [4;36;1mNote Load (1.3ms)[0m   [0;1mSELECT * FROM `notes` WHERE (`notes`.person_id = 1) [0m
  [4;35;1mNote Columns (2.2ms)[0m   [0mSHOW FIELDS FROM `notes`[0m
Completed in 196ms (View: 131, DB: 16) | 200 OK [http://localhost/people/1]
  [4;36;1mSQL (1.2ms)[0m   [0;1mSET NAMES 'utf8'[0m
  [4;35;1mSQL (1.2ms)[0m   [0mSET SQL_AUTO_IS_NULL=0[0m


Processing PeopleController#show (for 127.0.0.1 at 2010-07-11 22:48:39) [GET]
  Parameters: {"id"=>"1"}
  [4;36;1mPerson Columns (37.4ms)[0m   [0;1mSHOW FIELDS FROM `people`[0m
  [4;35;1mPerson Load (18.6ms)[0m   [0mSELECT * FROM `people` WHERE (`people`.`id` = 1) [0m
Rendering template within layouts/application
Rendering people/show
  [4;36;1mNote Load (29.9ms)[0m   [0;1mSELECT * FROM `notes` WHERE (created_at >= '2010-07-11 00:00:00' ) AND (`notes`.person_id = 1) [0m
  [4;35;1mNote Columns (11.3ms)[0m   [0mSHOW FIELDS FROM `notes`[0m
Completed in 891ms (View: 497, DB: 100) | 200 OK [http://localhost/people/1]
  [4;36;1mSQL (1.4ms)[0m   [0;1mSET NAMES 'utf8'[0m
  [4;35;1mSQL (1.3ms)[0m   [0mSET SQL_AUTO_IS_NULL=0[0m


Processing PeopleController#show (for 127.0.0.1 at 2010-07-11 22:51:47) [GET]
  Parameters: {"id"=>"1"}
  [4;36;1mPerson Columns (9.6ms)[0m   [0;1mSHOW FIELDS FROM `people`[0m
  [4;35;1mPerson Load (2.1ms)[0m   [0mSELECT * FROM `people` WHERE (`people`.`id` = 1) [0m
Rendering template within layouts/application
Rendering people/show
  [4;36;1mNote Load (2.2ms)[0m   [0;1mSELECT * FROM `notes` WHERE (created_at >= '2010-07-11 00:00:00' ) AND (`notes`.person_id = 1) [0m
  [4;35;1mNote Columns (3.2ms)[0m   [0mSHOW FIELDS FROM `notes`[0m
Completed in 147ms (View: 67, DB: 20) | 200 OK [http://localhost/people/1]
  [4;36;1mSQL (1.4ms)[0m   [0;1mSET NAMES 'utf8'[0m
  [4;35;1mSQL (1.4ms)[0m   [0mSET SQL_AUTO_IS_NULL=0[0m


Processing NotesController#index (for 127.0.0.1 at 2010-07-11 22:52:13) [GET]
  Parameters: {"person_id"=>"1"}
  [4;36;1mNote Load (3.0ms)[0m   [0;1mSELECT * FROM `notes` [0m
Rendering template within layouts/application
Rendering notes/index
  [4;35;1mNote Columns (7.6ms)[0m   [0mSHOW FIELDS FROM `notes`[0m
Completed in 234ms (View: 125, DB: 13) | 200 OK [http://localhost/people/1/notes]
  [4;36;1mSQL (0.8ms)[0m   [0;1mSET NAMES 'utf8'[0m
  [4;35;1mSQL (1.1ms)[0m   [0mSET SQL_AUTO_IS_NULL=0[0m


Processing PeopleController#show (for 127.0.0.1 at 2010-07-11 22:52:26) [GET]
  Parameters: {"id"=>"2"}
  [4;36;1mPerson Columns (4.7ms)[0m   [0;1mSHOW FIELDS FROM `people`[0m
  [4;35;1mPerson Load (1.8ms)[0m   [0mSELECT * FROM `people` WHERE (`people`.`id` = 2) [0m
Rendering template within layouts/application
Rendering people/show
  [4;36;1mNote Load (2.3ms)[0m   [0;1mSELECT * FROM `notes` WHERE (created_at >= '2010-07-11 00:00:00' ) AND (`notes`.person_id = 2) [0m
  [4;35;1mNote Columns (2.9ms)[0m   [0mSHOW FIELDS FROM `notes`[0m
Completed in 278ms (View: 200, DB: 14) | 200 OK [http://localhost/people/2/]
  [4;36;1mSQL (0.7ms)[0m   [0;1mSET NAMES 'utf8'[0m
  [4;35;1mSQL (1.3ms)[0m   [0mSET SQL_AUTO_IS_NULL=0[0m


Processing NotesController#index (for 127.0.0.1 at 2010-07-11 22:52:31) [GET]
  Parameters: {"person_id"=>"2"}
  [4;36;1mNote Load (2.8ms)[0m   [0;1mSELECT * FROM `notes` [0m
Rendering template within layouts/application
Rendering notes/index
  [4;35;1mNote Columns (3.3ms)[0m   [0mSHOW FIELDS FROM `notes`[0m
Completed in 161ms (View: 98, DB: 8) | 200 OK [http://localhost/people/2/notes]
  [4;36;1mSQL (1.4ms)[0m   [0;1mSET NAMES 'utf8'[0m
  [4;35;1mSQL (1.4ms)[0m   [0mSET SQL_AUTO_IS_NULL=0[0m


Processing NotesController#new (for 127.0.0.1 at 2010-07-11 22:52:36) [GET]
  [4;36;1mNote Columns (7.2ms)[0m   [0;1mSHOW FIELDS FROM `notes`[0m
Rendering template within layouts/application
Rendering notes/new
Rendered notes/_form (105.4ms)
Completed in 361ms (View: 216, DB: 10) | 200 OK [http://localhost/notes/new]
  [4;35;1mSQL (0.7ms)[0m   [0mSET NAMES 'utf8'[0m
  [4;36;1mSQL (1.0ms)[0m   [0;1mSET SQL_AUTO_IS_NULL=0[0m


Processing NotesController#create (for 127.0.0.1 at 2010-07-11 22:52:56) [POST]
  Parameters: {"commit"=>"Save changes", "authenticity_token"=>"t8u2pyVVB/5r73hgJcDpDLBYMjyKvV3YL00VH7q7be4=", "note"=>{"today"=>"Blah blah ", "date(1i)"=>"2010", "yesterday"=>"Yesterday... all my troubles", "date(2i)"=>"7", "date(3i)"=>"11", "issues"=>"Issue issue", "person_id"=>"2"}}
  [4;35;1mNote Columns (4.6ms)[0m   [0mSHOW FIELDS FROM `notes`[0m
  [4;36;1mSQL (11.4ms)[0m   [0;1mBEGIN[0m
  [4;35;1mNote Create (3.9ms)[0m   [0mINSERT INTO `notes` (`today`, `created_at`, `yesterday`, `updated_at`, `date`, `issues`, `person_id`) VALUES('Blah blah ', '2010-07-11 21:52:56', 'Yesterday... all my troubles', '2010-07-11 21:52:56', '2010-07-11', 'Issue issue', 2)[0m
  [4;36;1mSQL (16.7ms)[0m   [0;1mCOMMIT[0m
Redirected to http://localhost:3000/notes/5
Completed in 208ms (DB: 38) | 302 Found [http://localhost/notes]
  [4;35;1mSQL (1.1ms)[0m   [0mSET NAMES 'utf8'[0m
  [4;36;1mSQL (0.7ms)[0m   [0;1mSET SQL_AUTO_IS_NULL=0[0m


Processing NotesController#show (for 127.0.0.1 at 2010-07-11 22:52:56) [GET]
  Parameters: {"id"=>"5"}
  [4;35;1mNote Columns (4.7ms)[0m   [0mSHOW FIELDS FROM `notes`[0m
  [4;36;1mNote Load (2.3ms)[0m   [0;1mSELECT * FROM `notes` WHERE (`notes`.`id` = 5) [0m
Rendering template within layouts/application
Rendering notes/show

ActionView::TemplateError (undefined method `person_id' for "Blah blah ":String) on line #5 of app/views/notes/show.html.erb:
2: 
3: <p>
4:   <strong>Person:</strong>
5:   <%=h @note.person_id %>
6: </p>
7: <p>
8:   <strong>Date:</strong>

    app/views/notes/show.html.erb:5
    /usr/lib/ruby/1.8/webrick/httpserver.rb:104:in `service'
    /usr/lib/ruby/1.8/webrick/httpserver.rb:65:in `run'
    /usr/lib/ruby/1.8/webrick/server.rb:173:in `start_thread'
    /usr/lib/ruby/1.8/webrick/server.rb:162:in `start'
    /usr/lib/ruby/1.8/webrick/server.rb:162:in `start_thread'
    /usr/lib/ruby/1.8/webrick/server.rb:95:in `start'
    /usr/lib/ruby/1.8/webrick/server.rb:92:in `each'
    /usr/lib/ruby/1.8/webrick/server.rb:92:in `start'
    /usr/lib/ruby/1.8/webrick/server.rb:23:in `start'
    /usr/lib/ruby/1.8/webrick/server.rb:82:in `start'

Rendered rescues/_trace (349.7ms)
Rendered rescues/_request_and_response (1.0ms)
Rendering rescues/layout (internal_server_error)
  [4;35;1mSQL (1.6ms)[0m   [0mSET NAMES 'utf8'[0m
  [4;36;1mSQL (4.3ms)[0m   [0;1mSET SQL_AUTO_IS_NULL=0[0m


Processing NotesController#show (for 127.0.0.1 at 2010-07-11 22:53:15) [GET]
  Parameters: {"id"=>"4"}
  [4;35;1mNote Columns (3.2ms)[0m   [0mSHOW FIELDS FROM `notes`[0m
  [4;36;1mNote Load (2.4ms)[0m   [0;1mSELECT * FROM `notes` WHERE (`notes`.`id` = 4) [0m
Rendering template within layouts/application
Rendering notes/show

ActionView::TemplateError (undefined method `person_id' for "312123123":String) on line #5 of app/views/notes/show.html.erb:
2: 
3: <p>
4:   <strong>Person:</strong>
5:   <%=h @note.person_id %>
6: </p>
7: <p>
8:   <strong>Date:</strong>

    app/views/notes/show.html.erb:5
    /usr/lib/ruby/1.8/webrick/httpserver.rb:104:in `service'
    /usr/lib/ruby/1.8/webrick/httpserver.rb:65:in `run'
    /usr/lib/ruby/1.8/webrick/server.rb:173:in `start_thread'
    /usr/lib/ruby/1.8/webrick/server.rb:162:in `start'
    /usr/lib/ruby/1.8/webrick/server.rb:162:in `start_thread'
    /usr/lib/ruby/1.8/webrick/server.rb:95:in `start'
    /usr/lib/ruby/1.8/webrick/server.rb:92:in `each'
    /usr/lib/ruby/1.8/webrick/server.rb:92:in `start'
    /usr/lib/ruby/1.8/webrick/server.rb:23:in `start'
    /usr/lib/ruby/1.8/webrick/server.rb:82:in `start'

Rendered rescues/_trace (236.5ms)
Rendered rescues/_request_and_response (1.0ms)
Rendering rescues/layout (internal_server_error)
  [4;35;1mSQL (1.0ms)[0m   [0mSET NAMES 'utf8'[0m
  [4;36;1mSQL (1.2ms)[0m   [0;1mSET SQL_AUTO_IS_NULL=0[0m


Processing NotesController#index (for 127.0.0.1 at 2010-07-11 22:53:20) [GET]
  [4;35;1mNote Load (1.9ms)[0m   [0mSELECT * FROM `notes` [0m
Rendering template within layouts/application
Rendering notes/index
  [4;36;1mNote Columns (2.5ms)[0m   [0;1mSHOW FIELDS FROM `notes`[0m
Completed in 196ms (View: 113, DB: 7) | 200 OK [http://localhost/notes/]
  [4;35;1mSQL (1.3ms)[0m   [0mSET NAMES 'utf8'[0m
  [4;36;1mSQL (0.6ms)[0m   [0;1mSET SQL_AUTO_IS_NULL=0[0m


Processing NotesController#show (for 127.0.0.1 at 2010-07-11 22:53:28) [GET]
  Parameters: {"id"=>"3"}
  [4;35;1mNote Columns (4.7ms)[0m   [0mSHOW FIELDS FROM `notes`[0m
  [4;36;1mNote Load (11.3ms)[0m   [0;1mSELECT * FROM `notes` WHERE (`notes`.`id` = 3) [0m
Rendering template within layouts/application
Rendering notes/show

ActionView::TemplateError (undefined method `person_id' for "Another note for this space":String) on line #5 of app/views/notes/show.html.erb:
2: 
3: <p>
4:   <strong>Person:</strong>
5:   <%=h @note.person_id %>
6: </p>
7: <p>
8:   <strong>Date:</strong>

    app/views/notes/show.html.erb:5
    /usr/lib/ruby/1.8/webrick/httpserver.rb:104:in `service'
    /usr/lib/ruby/1.8/webrick/httpserver.rb:65:in `run'
    /usr/lib/ruby/1.8/webrick/server.rb:173:in `start_thread'
    /usr/lib/ruby/1.8/webrick/server.rb:162:in `start'
    /usr/lib/ruby/1.8/webrick/server.rb:162:in `start_thread'
    /usr/lib/ruby/1.8/webrick/server.rb:95:in `start'
    /usr/lib/ruby/1.8/webrick/server.rb:92:in `each'
    /usr/lib/ruby/1.8/webrick/server.rb:92:in `start'
    /usr/lib/ruby/1.8/webrick/server.rb:23:in `start'
    /usr/lib/ruby/1.8/webrick/server.rb:82:in `start'

Rendered rescues/_trace (434.7ms)
Rendered rescues/_request_and_response (1.0ms)
Rendering rescues/layout (internal_server_error)
  [4;35;1mSQL (0.8ms)[0m   [0mSET NAMES 'utf8'[0m
  [4;36;1mSQL (1.2ms)[0m   [0;1mSET SQL_AUTO_IS_NULL=0[0m


Processing NotesController#show (for 127.0.0.1 at 2010-07-11 22:54:59) [GET]
  Parameters: {"id"=>"3"}
  [4;35;1mNote Columns (6.6ms)[0m   [0mSHOW FIELDS FROM `notes`[0m
  [4;36;1mNote Load (1.3ms)[0m   [0;1mSELECT * FROM `notes` WHERE (`notes`.`id` = 3) [0m
Rendering template within layouts/application
Rendering notes/show
Completed in 186ms (View: 81, DB: 10) | 200 OK [http://localhost/notes/3]
  [4;35;1mSQL (1.5ms)[0m   [0mSET NAMES 'utf8'[0m
  [4;36;1mSQL (1.0ms)[0m   [0;1mSET SQL_AUTO_IS_NULL=0[0m


Processing NotesController#show (for 127.0.0.1 at 2010-07-11 22:55:14) [GET]
  Parameters: {"id"=>"5"}
  [4;35;1mNote Columns (15.4ms)[0m   [0mSHOW FIELDS FROM `notes`[0m
  [4;36;1mNote Load (8.9ms)[0m   [0;1mSELECT * FROM `notes` WHERE (`notes`.`id` = 5) [0m
Rendering template within layouts/application
Rendering notes/show
Completed in 211ms (View: 67, DB: 27) | 200 OK [http://localhost/notes/5]
  [4;35;1mSQL (0.8ms)[0m   [0mSET NAMES 'utf8'[0m
  [4;36;1mSQL (1.1ms)[0m   [0;1mSET SQL_AUTO_IS_NULL=0[0m


Processing PeopleController#show (for 127.0.0.1 at 2010-07-11 22:55:22) [GET]
  Parameters: {"id"=>"2"}
  [4;35;1mPerson Columns (8.5ms)[0m   [0mSHOW FIELDS FROM `people`[0m
  [4;36;1mPerson Load (1.6ms)[0m   [0;1mSELECT * FROM `people` WHERE (`people`.`id` = 2) [0m
Rendering template within layouts/application
Rendering people/show
  [4;35;1mNote Load (2.3ms)[0m   [0mSELECT * FROM `notes` WHERE (created_at >= '2010-07-11 00:00:00' ) AND (`notes`.person_id = 2) [0m
  [4;36;1mNote Columns (5.2ms)[0m   [0;1mSHOW FIELDS FROM `notes`[0m
Completed in 158ms (View: 81, DB: 19) | 200 OK [http://localhost/people/2]
